{"C:\\Users\\ElPidio\\Desktop\\app_libro\\app_libro\\src\\database.js": {"path":"C:\\Users\\ElPidio\\Desktop\\app_libro\\app_libro\\src\\database.js","statementMap":{"0":{"start":{"line":12,"column":22},"end":{"line":12,"column":37}},"1":{"start":{"line":13,"column":23},"end":{"line":13,"column":24}},"2":{"start":{"line":14,"column":25},"end":{"line":14,"column":26}},"3":{"start":{"line":15,"column":24},"end":{"line":15,"column":77}},"4":{"start":{"line":20,"column":2},"end":{"line":20,"column":97}},"5":{"start":{"line":20,"column":59},"end":{"line":20,"column":97}},"6":{"start":{"line":21,"column":2},"end":{"line":21,"column":128}},"7":{"start":{"line":25,"column":15},"end":{"line":25,"column":41}},"8":{"start":{"line":26,"column":2},"end":{"line":26,"column":58}},"9":{"start":{"line":30,"column":18},"end":{"line":32,"column":14}},"10":{"start":{"line":31,"column":20},"end":{"line":31,"column":70}},"11":{"start":{"line":33,"column":14},"end":{"line":33,"column":24}},"12":{"start":{"line":34,"column":14},"end":{"line":34,"column":24}},"13":{"start":{"line":35,"column":2},"end":{"line":38,"column":3}},"14":{"start":{"line":35,"column":19},"end":{"line":35,"column":20}},"15":{"start":{"line":36,"column":4},"end":{"line":36,"column":67}},"16":{"start":{"line":37,"column":4},"end":{"line":37,"column":69}},"17":{"start":{"line":39,"column":2},"end":{"line":39,"column":112}},"18":{"start":{"line":43,"column":2},"end":{"line":45,"column":3}},"19":{"start":{"line":44,"column":4},"end":{"line":44,"column":62}},"20":{"start":{"line":46,"column":2},"end":{"line":46,"column":25}},"21":{"start":{"line":50,"column":22},"end":{"line":50,"column":79}},"22":{"start":{"line":51,"column":2},"end":{"line":51,"column":29}},"23":{"start":{"line":55,"column":2},"end":{"line":55,"column":73}},"24":{"start":{"line":55,"column":61},"end":{"line":55,"column":73}},"25":{"start":{"line":56,"column":17},"end":{"line":56,"column":30}},"26":{"start":{"line":57,"column":2},"end":{"line":57,"column":59}},"27":{"start":{"line":57,"column":47},"end":{"line":57,"column":59}},"28":{"start":{"line":58,"column":2},"end":{"line":58,"column":16}},"29":{"start":{"line":62,"column":17},"end":{"line":62,"column":38}},"30":{"start":{"line":63,"column":2},"end":{"line":63,"column":60}},"31":{"start":{"line":63,"column":15},"end":{"line":63,"column":60}},"32":{"start":{"line":65,"column":25},"end":{"line":65,"column":64}},"33":{"start":{"line":66,"column":26},"end":{"line":66,"column":50}},"34":{"start":{"line":67,"column":23},"end":{"line":67,"column":56}},"35":{"start":{"line":68,"column":2},"end":{"line":70,"column":3}},"36":{"start":{"line":69,"column":4},"end":{"line":69,"column":82}},"37":{"start":{"line":71,"column":2},"end":{"line":71,"column":103}},"38":{"start":{"line":71,"column":29},"end":{"line":71,"column":103}},"39":{"start":{"line":72,"column":2},"end":{"line":74,"column":3}},"40":{"start":{"line":73,"column":4},"end":{"line":73,"column":78}},"41":{"start":{"line":76,"column":17},"end":{"line":76,"column":46}},"42":{"start":{"line":77,"column":2},"end":{"line":79,"column":3}},"43":{"start":{"line":78,"column":4},"end":{"line":78,"column":57}},"44":{"start":{"line":80,"column":23},"end":{"line":82,"column":32}},"45":{"start":{"line":83,"column":2},"end":{"line":85,"column":3}},"46":{"start":{"line":84,"column":4},"end":{"line":84,"column":71}},"47":{"start":{"line":86,"column":2},"end":{"line":97,"column":4}},"48":{"start":{"line":101,"column":13},"end":{"line":101,"column":32}},"49":{"start":{"line":102,"column":2},"end":{"line":102,"column":77}},"50":{"start":{"line":103,"column":21},"end":{"line":103,"column":66}},"51":{"start":{"line":104,"column":16},"end":{"line":104,"column":53}},"52":{"start":{"line":106,"column":2},"end":{"line":140,"column":3}},"53":{"start":{"line":107,"column":4},"end":{"line":132,"column":7}},"54":{"start":{"line":133,"column":4},"end":{"line":137,"column":5}},"55":{"start":{"line":134,"column":6},"end":{"line":134,"column":78}},"56":{"start":{"line":136,"column":6},"end":{"line":136,"column":76}},"57":{"start":{"line":136,"column":64},"end":{"line":136,"column":76}},"58":{"start":{"line":138,"column":4},"end":{"line":138,"column":51}},"59":{"start":{"line":139,"column":4},"end":{"line":139,"column":16}},"60":{"start":{"line":142,"column":2},"end":{"line":166,"column":3}},"61":{"start":{"line":143,"column":4},"end":{"line":152,"column":5}},"62":{"start":{"line":147,"column":6},"end":{"line":151,"column":7}},"63":{"start":{"line":148,"column":8},"end":{"line":148,"column":38}},"64":{"start":{"line":150,"column":8},"end":{"line":150,"column":78}},"65":{"start":{"line":150,"column":66},"end":{"line":150,"column":78}},"66":{"start":{"line":153,"column":4},"end":{"line":165,"column":7}},"67":{"start":{"line":167,"column":2},"end":{"line":167,"column":12}},"68":{"start":{"line":176,"column":2},"end":{"line":176,"column":12}},"69":{"start":{"line":177,"column":2},"end":{"line":177,"column":24}},"70":{"start":{"line":177,"column":12},"end":{"line":177,"column":24}},"71":{"start":{"line":178,"column":2},"end":{"line":178,"column":62}},"72":{"start":{"line":178,"column":51},"end":{"line":178,"column":62}},"73":{"start":{"line":179,"column":2},"end":{"line":179,"column":71}},"74":{"start":{"line":179,"column":30},"end":{"line":179,"column":71}},"75":{"start":{"line":180,"column":2},"end":{"line":186,"column":3}},"76":{"start":{"line":181,"column":21},"end":{"line":181,"column":76}},"77":{"start":{"line":182,"column":4},"end":{"line":182,"column":50}},"78":{"start":{"line":184,"column":4},"end":{"line":184,"column":88}},"79":{"start":{"line":185,"column":4},"end":{"line":185,"column":16}},"80":{"start":{"line":190,"column":16},"end":{"line":190,"column":35}},"81":{"start":{"line":191,"column":13},"end":{"line":191,"column":32}},"82":{"start":{"line":192,"column":26},"end":{"line":192,"column":43}},"83":{"start":{"line":193,"column":21},"end":{"line":193,"column":25}},"84":{"start":{"line":194,"column":2},"end":{"line":216,"column":3}},"85":{"start":{"line":195,"column":4},"end":{"line":195,"column":76}},"86":{"start":{"line":196,"column":19},"end":{"line":211,"column":5}},"87":{"start":{"line":212,"column":4},"end":{"line":212,"column":34}},"88":{"start":{"line":214,"column":4},"end":{"line":214,"column":93}},"89":{"start":{"line":214,"column":58},"end":{"line":214,"column":93}},"90":{"start":{"line":215,"column":4},"end":{"line":215,"column":16}},"91":{"start":{"line":220,"column":13},"end":{"line":220,"column":32}},"92":{"start":{"line":221,"column":2},"end":{"line":221,"column":90}},"93":{"start":{"line":225,"column":13},"end":{"line":225,"column":32}},"94":{"start":{"line":226,"column":2},"end":{"line":226,"column":79}},"95":{"start":{"line":230,"column":26},"end":{"line":230,"column":46}},"96":{"start":{"line":231,"column":2},"end":{"line":231,"column":36}},"97":{"start":{"line":231,"column":24},"end":{"line":231,"column":36}},"98":{"start":{"line":232,"column":13},"end":{"line":232,"column":32}},"99":{"start":{"line":233,"column":2},"end":{"line":233,"column":86}},"100":{"start":{"line":237,"column":20},"end":{"line":237,"column":47}},"101":{"start":{"line":238,"column":2},"end":{"line":238,"column":57}},"102":{"start":{"line":238,"column":18},"end":{"line":238,"column":57}},"103":{"start":{"line":240,"column":16},"end":{"line":240,"column":58}},"104":{"start":{"line":241,"column":21},"end":{"line":241,"column":38}},"105":{"start":{"line":242,"column":26},"end":{"line":242,"column":38}},"106":{"start":{"line":243,"column":31},"end":{"line":244,"column":68}},"107":{"start":{"line":245,"column":2},"end":{"line":245,"column":97}},"108":{"start":{"line":245,"column":28},"end":{"line":245,"column":97}},"109":{"start":{"line":247,"column":13},"end":{"line":247,"column":32}},"110":{"start":{"line":249,"column":2},"end":{"line":279,"column":3}},"111":{"start":{"line":250,"column":4},"end":{"line":273,"column":6}},"112":{"start":{"line":275,"column":4},"end":{"line":277,"column":5}},"113":{"start":{"line":276,"column":6},"end":{"line":276,"column":41}},"114":{"start":{"line":278,"column":4},"end":{"line":278,"column":16}},"115":{"start":{"line":280,"column":2},"end":{"line":280,"column":74}},"116":{"start":{"line":280,"column":23},"end":{"line":280,"column":74}},"117":{"start":{"line":281,"column":2},"end":{"line":283,"column":3}},"118":{"start":{"line":282,"column":4},"end":{"line":282,"column":48}},"119":{"start":{"line":284,"column":2},"end":{"line":284,"column":24}},"120":{"start":{"line":288,"column":20},"end":{"line":288,"column":47}},"121":{"start":{"line":289,"column":2},"end":{"line":289,"column":57}},"122":{"start":{"line":289,"column":18},"end":{"line":289,"column":57}},"123":{"start":{"line":290,"column":2},"end":{"line":293,"column":5}},"124":{"start":{"line":297,"column":13},"end":{"line":297,"column":32}},"125":{"start":{"line":298,"column":16},"end":{"line":298,"column":43}},"126":{"start":{"line":299,"column":17},"end":{"line":299,"column":85}},"127":{"start":{"line":301,"column":2},"end":{"line":308,"column":3}},"128":{"start":{"line":302,"column":4},"end":{"line":307,"column":5}},"129":{"start":{"line":303,"column":22},"end":{"line":303,"column":49}},"130":{"start":{"line":304,"column":6},"end":{"line":304,"column":43}},"131":{"start":{"line":304,"column":26},"end":{"line":304,"column":43}},"132":{"start":{"line":306,"column":6},"end":{"line":306,"column":91}},"133":{"start":{"line":309,"column":2},"end":{"line":309,"column":24}},"134":{"start":{"line":313,"column":13},"end":{"line":313,"column":32}},"135":{"start":{"line":314,"column":2},"end":{"line":324,"column":5}},"136":{"start":{"line":328,"column":13},"end":{"line":328,"column":32}},"137":{"start":{"line":329,"column":19},"end":{"line":335,"column":4}},"138":{"start":{"line":336,"column":20},"end":{"line":341,"column":4}},"139":{"start":{"line":342,"column":2},"end":{"line":342,"column":33}},"140":{"start":{"line":346,"column":13},"end":{"line":346,"column":32}},"141":{"start":{"line":347,"column":2},"end":{"line":354,"column":5}},"142":{"start":{"line":358,"column":23},"end":{"line":358,"column":50}},"143":{"start":{"line":359,"column":22},"end":{"line":359,"column":56}},"144":{"start":{"line":360,"column":22},"end":{"line":360,"column":47}},"145":{"start":{"line":361,"column":2},"end":{"line":361,"column":66}},"146":{"start":{"line":361,"column":21},"end":{"line":361,"column":66}},"147":{"start":{"line":362,"column":2},"end":{"line":362,"column":86}},"148":{"start":{"line":362,"column":40},"end":{"line":362,"column":86}},"149":{"start":{"line":364,"column":15},"end":{"line":364,"column":19}},"150":{"start":{"line":365,"column":2},"end":{"line":370,"column":3}},"151":{"start":{"line":366,"column":4},"end":{"line":366,"column":37}},"152":{"start":{"line":367,"column":4},"end":{"line":369,"column":5}},"153":{"start":{"line":368,"column":6},"end":{"line":368,"column":85}},"154":{"start":{"line":372,"column":13},"end":{"line":372,"column":32}},"155":{"start":{"line":373,"column":17},"end":{"line":381,"column":3}},"156":{"start":{"line":382,"column":2},"end":{"line":382,"column":32}},"157":{"start":{"line":386,"column":13},"end":{"line":386,"column":32}},"158":{"start":{"line":387,"column":17},"end":{"line":387,"column":88}},"159":{"start":{"line":388,"column":2},"end":{"line":388,"column":24}},"160":{"start":{"line":392,"column":13},"end":{"line":392,"column":28}},"161":{"start":{"line":393,"column":2},"end":{"line":393,"column":82}},"162":{"start":{"line":393,"column":40},"end":{"line":393,"column":82}},"163":{"start":{"line":395,"column":13},"end":{"line":395,"column":32}},"164":{"start":{"line":396,"column":21},"end":{"line":396,"column":25}},"165":{"start":{"line":397,"column":2},"end":{"line":418,"column":5}},"166":{"start":{"line":398,"column":18},"end":{"line":401,"column":5}},"167":{"start":{"line":402,"column":4},"end":{"line":402,"column":78}},"168":{"start":{"line":402,"column":16},"end":{"line":402,"column":78}},"169":{"start":{"line":404,"column":24},"end":{"line":404,"column":67}},"170":{"start":{"line":405,"column":23},"end":{"line":405,"column":72}},"171":{"start":{"line":406,"column":4},"end":{"line":406,"column":67}},"172":{"start":{"line":406,"column":22},"end":{"line":406,"column":67}},"173":{"start":{"line":408,"column":19},"end":{"line":415,"column":5}},"174":{"start":{"line":416,"column":4},"end":{"line":416,"column":77}},"175":{"start":{"line":417,"column":4},"end":{"line":417,"column":42}},"176":{"start":{"line":419,"column":2},"end":{"line":419,"column":22}},"177":{"start":{"line":423,"column":22},"end":{"line":423,"column":26}},"178":{"start":{"line":424,"column":2},"end":{"line":431,"column":3}},"179":{"start":{"line":425,"column":4},"end":{"line":430,"column":5}},"180":{"start":{"line":426,"column":22},"end":{"line":426,"column":49}},"181":{"start":{"line":427,"column":6},"end":{"line":427,"column":65}},"182":{"start":{"line":427,"column":26},"end":{"line":427,"column":65}},"183":{"start":{"line":429,"column":6},"end":{"line":429,"column":95}},"184":{"start":{"line":432,"column":2},"end":{"line":432,"column":53}},"185":{"start":{"line":436,"column":17},"end":{"line":436,"column":38}},"186":{"start":{"line":437,"column":27},"end":{"line":437,"column":29}},"187":{"start":{"line":438,"column":2},"end":{"line":440,"column":3}},"188":{"start":{"line":439,"column":4},"end":{"line":439,"column":66}},"189":{"start":{"line":441,"column":17},"end":{"line":446,"column":3}},"190":{"start":{"line":448,"column":17},"end":{"line":448,"column":78}},"191":{"start":{"line":449,"column":18},"end":{"line":449,"column":47}},"192":{"start":{"line":450,"column":2},"end":{"line":450,"column":39}},"193":{"start":{"line":450,"column":22},"end":{"line":450,"column":39}},"194":{"start":{"line":451,"column":2},"end":{"line":451,"column":19}},"195":{"start":{"line":452,"column":2},"end":{"line":452,"column":49}},"196":{"start":{"line":454,"column":2},"end":{"line":456,"column":3}},"197":{"start":{"line":455,"column":4},"end":{"line":455,"column":99}},"198":{"start":{"line":457,"column":2},"end":{"line":461,"column":5}},"199":{"start":{"line":462,"column":2},"end":{"line":462,"column":21}},"200":{"start":{"line":466,"column":2},"end":{"line":466,"column":41}},"201":{"start":{"line":466,"column":29},"end":{"line":466,"column":41}},"202":{"start":{"line":467,"column":2},"end":{"line":470,"column":4}},"203":{"start":{"line":474,"column":20},"end":{"line":478,"column":4}},"204":{"start":{"line":479,"column":2},"end":{"line":479,"column":68}},"205":{"start":{"line":479,"column":26},"end":{"line":479,"column":68}},"206":{"start":{"line":481,"column":18},"end":{"line":481,"column":47}},"207":{"start":{"line":482,"column":20},"end":{"line":482,"column":40}},"208":{"start":{"line":484,"column":2},"end":{"line":488,"column":3}},"209":{"start":{"line":485,"column":4},"end":{"line":485,"column":35}},"210":{"start":{"line":487,"column":4},"end":{"line":487,"column":75}},"211":{"start":{"line":489,"column":2},"end":{"line":491,"column":3}},"212":{"start":{"line":490,"column":4},"end":{"line":490,"column":75}},"213":{"start":{"line":492,"column":2},"end":{"line":494,"column":3}},"214":{"start":{"line":493,"column":4},"end":{"line":493,"column":88}},"215":{"start":{"line":496,"column":27},"end":{"line":496,"column":29}},"216":{"start":{"line":497,"column":2},"end":{"line":509,"column":3}},"217":{"start":{"line":498,"column":18},"end":{"line":501,"column":6}},"218":{"start":{"line":502,"column":30},"end":{"line":502,"column":70}},"219":{"start":{"line":503,"column":4},"end":{"line":508,"column":7}},"220":{"start":{"line":511,"column":13},"end":{"line":511,"column":32}},"221":{"start":{"line":512,"column":26},"end":{"line":512,"column":28}},"222":{"start":{"line":513,"column":31},"end":{"line":513,"column":33}},"223":{"start":{"line":514,"column":2},"end":{"line":561,"column":3}},"224":{"start":{"line":515,"column":4},"end":{"line":525,"column":5}},"225":{"start":{"line":516,"column":6},"end":{"line":524,"column":7}},"226":{"start":{"line":517,"column":26},"end":{"line":517,"column":113}},"227":{"start":{"line":518,"column":27},"end":{"line":518,"column":70}},"228":{"start":{"line":519,"column":8},"end":{"line":519,"column":43}},"229":{"start":{"line":520,"column":8},"end":{"line":520,"column":68}},"230":{"start":{"line":520,"column":31},"end":{"line":520,"column":68}},"231":{"start":{"line":521,"column":8},"end":{"line":523,"column":9}},"232":{"start":{"line":522,"column":10},"end":{"line":522,"column":59}},"233":{"start":{"line":526,"column":4},"end":{"line":557,"column":7}},"234":{"start":{"line":527,"column":6},"end":{"line":556,"column":7}},"235":{"start":{"line":528,"column":8},"end":{"line":555,"column":10}},"236":{"start":{"line":559,"column":4},"end":{"line":559,"column":50}},"237":{"start":{"line":560,"column":4},"end":{"line":560,"column":16}},"238":{"start":{"line":562,"column":2},"end":{"line":562,"column":53}},"239":{"start":{"line":563,"column":2},"end":{"line":563,"column":67}}},"fnMap":{"0":{"name":"crearUUID","decl":{"start":{"line":19,"column":9},"end":{"line":19,"column":18}},"loc":{"start":{"line":19,"column":21},"end":{"line":22,"column":1}},"line":19},"1":{"name":"normalizarUUID","decl":{"start":{"line":24,"column":9},"end":{"line":24,"column":23}},"loc":{"start":{"line":24,"column":31},"end":{"line":27,"column":1}},"line":24},"2":{"name":"crearUUIDDeterministico","decl":{"start":{"line":29,"column":9},"end":{"line":29,"column":32}},"loc":{"start":{"line":29,"column":40},"end":{"line":40,"column":1}},"line":29},"3":{"name":"(anonymous_3)","decl":{"start":{"line":31,"column":9},"end":{"line":31,"column":10}},"loc":{"start":{"line":31,"column":20},"end":{"line":31,"column":70}},"line":31},"4":{"name":"getDatabase","decl":{"start":{"line":42,"column":16},"end":{"line":42,"column":27}},"loc":{"start":{"line":42,"column":30},"end":{"line":47,"column":1}},"line":42},"5":{"name":"normalizarISBN","decl":{"start":{"line":49,"column":9},"end":{"line":49,"column":23}},"loc":{"start":{"line":49,"column":30},"end":{"line":52,"column":1}},"line":49},"6":{"name":"enteroNoNegativo","decl":{"start":{"line":54,"column":9},"end":{"line":54,"column":25}},"loc":{"start":{"line":54,"column":33},"end":{"line":59,"column":1}},"line":54},"7":{"name":"validarLibro","decl":{"start":{"line":61,"column":9},"end":{"line":61,"column":21}},"loc":{"start":{"line":61,"column":29},"end":{"line":98,"column":1}},"line":61},"8":{"name":"inicializarBaseDeDatos","decl":{"start":{"line":100,"column":22},"end":{"line":100,"column":44}},"loc":{"start":{"line":100,"column":47},"end":{"line":168,"column":1}},"line":100},"9":{"name":"descargarPortadaLocal","decl":{"start":{"line":175,"column":22},"end":{"line":175,"column":43}},"loc":{"start":{"line":175,"column":62},"end":{"line":187,"column":1}},"line":175},"10":{"name":"insertarLibro","decl":{"start":{"line":189,"column":22},"end":{"line":189,"column":35}},"loc":{"start":{"line":189,"column":43},"end":{"line":217,"column":1}},"line":189},"11":{"name":"obtenerLibros","decl":{"start":{"line":219,"column":22},"end":{"line":219,"column":35}},"loc":{"start":{"line":219,"column":38},"end":{"line":222,"column":1}},"line":219},"12":{"name":"obtenerLibroPorId","decl":{"start":{"line":224,"column":22},"end":{"line":224,"column":39}},"loc":{"start":{"line":224,"column":44},"end":{"line":227,"column":1}},"line":224},"13":{"name":"obtenerLibroPorISBN","decl":{"start":{"line":229,"column":22},"end":{"line":229,"column":41}},"loc":{"start":{"line":229,"column":48},"end":{"line":234,"column":1}},"line":229},"14":{"name":"actualizarLibro","decl":{"start":{"line":236,"column":22},"end":{"line":236,"column":37}},"loc":{"start":{"line":236,"column":51},"end":{"line":285,"column":1}},"line":236},"15":{"name":"actualizarProgreso","decl":{"start":{"line":287,"column":22},"end":{"line":287,"column":40}},"loc":{"start":{"line":287,"column":74},"end":{"line":294,"column":1}},"line":287},"16":{"name":"eliminarLibro","decl":{"start":{"line":296,"column":22},"end":{"line":296,"column":35}},"loc":{"start":{"line":296,"column":40},"end":{"line":310,"column":1}},"line":296},"17":{"name":"obtenerEstadisticas","decl":{"start":{"line":312,"column":22},"end":{"line":312,"column":41}},"loc":{"start":{"line":312,"column":44},"end":{"line":325,"column":1}},"line":312},"18":{"name":"obtenerCronicas","decl":{"start":{"line":327,"column":22},"end":{"line":327,"column":37}},"loc":{"start":{"line":327,"column":40},"end":{"line":343,"column":1}},"line":327},"19":{"name":"getDeseos","decl":{"start":{"line":345,"column":22},"end":{"line":345,"column":31}},"loc":{"start":{"line":345,"column":34},"end":{"line":355,"column":1}},"line":345},"20":{"name":"addDeseo","decl":{"start":{"line":357,"column":22},"end":{"line":357,"column":30}},"loc":{"start":{"line":357,"column":102},"end":{"line":383,"column":1}},"line":357},"21":{"name":"deleteDeseo","decl":{"start":{"line":385,"column":22},"end":{"line":385,"column":33}},"loc":{"start":{"line":385,"column":38},"end":{"line":389,"column":1}},"line":385},"22":{"name":"marcarComoAdquirido","decl":{"start":{"line":391,"column":22},"end":{"line":391,"column":41}},"loc":{"start":{"line":391,"column":80},"end":{"line":420,"column":1}},"line":391},"23":{"name":"(anonymous_23)","decl":{"start":{"line":397,"column":41},"end":{"line":397,"column":42}},"loc":{"start":{"line":397,"column":64},"end":{"line":418,"column":3}},"line":397},"24":{"name":"serializarLibroParaBackup","decl":{"start":{"line":422,"column":15},"end":{"line":422,"column":40}},"loc":{"start":{"line":422,"column":48},"end":{"line":433,"column":1}},"line":422},"25":{"name":"exportarBackupJSON","decl":{"start":{"line":435,"column":22},"end":{"line":435,"column":40}},"loc":{"start":{"line":435,"column":43},"end":{"line":463,"column":1}},"line":435},"26":{"name":"restaurarPortadaDesdeBackup","decl":{"start":{"line":465,"column":15},"end":{"line":465,"column":42}},"loc":{"start":{"line":465,"column":50},"end":{"line":471,"column":1}},"line":465},"27":{"name":"importarBackupJSON","decl":{"start":{"line":473,"column":22},"end":{"line":473,"column":40}},"loc":{"start":{"line":473,"column":43},"end":{"line":564,"column":1}},"line":473},"28":{"name":"(anonymous_28)","decl":{"start":{"line":526,"column":43},"end":{"line":526,"column":44}},"loc":{"start":{"line":526,"column":66},"end":{"line":557,"column":5}},"line":526}},"branchMap":{"0":{"loc":{"start":{"line":20,"column":2},"end":{"line":20,"column":97}},"type":"if","locations":[{"start":{"line":20,"column":2},"end":{"line":20,"column":97}},{"start":{},"end":{}}],"line":20},"1":{"loc":{"start":{"line":25,"column":22},"end":{"line":25,"column":33}},"type":"binary-expr","locations":[{"start":{"line":25,"column":22},"end":{"line":25,"column":27}},{"start":{"line":25,"column":31},"end":{"line":25,"column":33}}],"line":25},"2":{"loc":{"start":{"line":26,"column":9},"end":{"line":26,"column":57}},"type":"cond-expr","locations":[{"start":{"line":26,"column":46},"end":{"line":26,"column":50}},{"start":{"line":26,"column":53},"end":{"line":26,"column":57}}],"line":26},"3":{"loc":{"start":{"line":31,"column":27},"end":{"line":31,"column":38}},"type":"binary-expr","locations":[{"start":{"line":31,"column":27},"end":{"line":31,"column":32}},{"start":{"line":31,"column":36},"end":{"line":31,"column":38}}],"line":31},"4":{"loc":{"start":{"line":43,"column":2},"end":{"line":45,"column":3}},"type":"if","locations":[{"start":{"line":43,"column":2},"end":{"line":45,"column":3}},{"start":{},"end":{}}],"line":43},"5":{"loc":{"start":{"line":50,"column":29},"end":{"line":50,"column":39}},"type":"binary-expr","locations":[{"start":{"line":50,"column":29},"end":{"line":50,"column":33}},{"start":{"line":50,"column":37},"end":{"line":50,"column":39}}],"line":50},"6":{"loc":{"start":{"line":51,"column":9},"end":{"line":51,"column":28}},"type":"binary-expr","locations":[{"start":{"line":51,"column":9},"end":{"line":51,"column":20}},{"start":{"line":51,"column":24},"end":{"line":51,"column":28}}],"line":51},"7":{"loc":{"start":{"line":55,"column":2},"end":{"line":55,"column":73}},"type":"if","locations":[{"start":{"line":55,"column":2},"end":{"line":55,"column":73}},{"start":{},"end":{}}],"line":55},"8":{"loc":{"start":{"line":55,"column":6},"end":{"line":55,"column":59}},"type":"binary-expr","locations":[{"start":{"line":55,"column":6},"end":{"line":55,"column":20}},{"start":{"line":55,"column":24},"end":{"line":55,"column":43}},{"start":{"line":55,"column":47},"end":{"line":55,"column":59}}],"line":55},"9":{"loc":{"start":{"line":57,"column":2},"end":{"line":57,"column":59}},"type":"if","locations":[{"start":{"line":57,"column":2},"end":{"line":57,"column":59}},{"start":{},"end":{}}],"line":57},"10":{"loc":{"start":{"line":57,"column":6},"end":{"line":57,"column":45}},"type":"binary-expr","locations":[{"start":{"line":57,"column":6},"end":{"line":57,"column":31}},{"start":{"line":57,"column":35},"end":{"line":57,"column":45}}],"line":57},"11":{"loc":{"start":{"line":63,"column":2},"end":{"line":63,"column":60}},"type":"if","locations":[{"start":{"line":63,"column":2},"end":{"line":63,"column":60}},{"start":{},"end":{}}],"line":63},"12":{"loc":{"start":{"line":66,"column":26},"end":{"line":66,"column":50}},"type":"binary-expr","locations":[{"start":{"line":66,"column":26},"end":{"line":66,"column":45}},{"start":{"line":66,"column":49},"end":{"line":66,"column":50}}],"line":66},"13":{"loc":{"start":{"line":68,"column":2},"end":{"line":70,"column":3}},"type":"if","locations":[{"start":{"line":68,"column":2},"end":{"line":70,"column":3}},{"start":{},"end":{}}],"line":68},"14":{"loc":{"start":{"line":68,"column":6},"end":{"line":68,"column":102}},"type":"binary-expr","locations":[{"start":{"line":68,"column":6},"end":{"line":68,"column":36}},{"start":{"line":68,"column":40},"end":{"line":68,"column":75}},{"start":{"line":68,"column":79},"end":{"line":68,"column":102}}],"line":68},"15":{"loc":{"start":{"line":71,"column":2},"end":{"line":71,"column":103}},"type":"if","locations":[{"start":{"line":71,"column":2},"end":{"line":71,"column":103}},{"start":{},"end":{}}],"line":71},"16":{"loc":{"start":{"line":72,"column":2},"end":{"line":74,"column":3}},"type":"if","locations":[{"start":{"line":72,"column":2},"end":{"line":74,"column":3}},{"start":{},"end":{}}],"line":72},"17":{"loc":{"start":{"line":72,"column":6},"end":{"line":72,"column":62}},"type":"binary-expr","locations":[{"start":{"line":72,"column":6},"end":{"line":72,"column":29}},{"start":{"line":72,"column":33},"end":{"line":72,"column":62}}],"line":72},"18":{"loc":{"start":{"line":76,"column":17},"end":{"line":76,"column":46}},"type":"binary-expr","locations":[{"start":{"line":76,"column":17},"end":{"line":76,"column":29}},{"start":{"line":76,"column":33},"end":{"line":76,"column":46}}],"line":76},"19":{"loc":{"start":{"line":77,"column":2},"end":{"line":79,"column":3}},"type":"if","locations":[{"start":{"line":77,"column":2},"end":{"line":79,"column":3}},{"start":{},"end":{}}],"line":77},"20":{"loc":{"start":{"line":80,"column":23},"end":{"line":82,"column":32}},"type":"cond-expr","locations":[{"start":{"line":81,"column":6},"end":{"line":81,"column":10}},{"start":{"line":82,"column":6},"end":{"line":82,"column":32}}],"line":80},"21":{"loc":{"start":{"line":80,"column":23},"end":{"line":80,"column":115}},"type":"binary-expr","locations":[{"start":{"line":80,"column":23},"end":{"line":80,"column":50}},{"start":{"line":80,"column":54},"end":{"line":80,"column":86}},{"start":{"line":80,"column":90},"end":{"line":80,"column":115}}],"line":80},"22":{"loc":{"start":{"line":83,"column":2},"end":{"line":85,"column":3}},"type":"if","locations":[{"start":{"line":83,"column":2},"end":{"line":85,"column":3}},{"start":{},"end":{}}],"line":83},"23":{"loc":{"start":{"line":83,"column":6},"end":{"line":83,"column":104}},"type":"binary-expr","locations":[{"start":{"line":83,"column":6},"end":{"line":83,"column":27}},{"start":{"line":83,"column":32},"end":{"line":83,"column":63}},{"start":{"line":83,"column":67},"end":{"line":83,"column":83}},{"start":{"line":83,"column":87},"end":{"line":83,"column":103}}],"line":83},"24":{"loc":{"start":{"line":87,"column":10},"end":{"line":87,"column":51}},"type":"binary-expr","locations":[{"start":{"line":87,"column":10},"end":{"line":87,"column":36}},{"start":{"line":87,"column":40},"end":{"line":87,"column":51}}],"line":87},"25":{"loc":{"start":{"line":90,"column":11},"end":{"line":90,"column":38}},"type":"binary-expr","locations":[{"start":{"line":90,"column":11},"end":{"line":90,"column":30}},{"start":{"line":90,"column":34},"end":{"line":90,"column":38}}],"line":90},"26":{"loc":{"start":{"line":91,"column":17},"end":{"line":91,"column":42}},"type":"binary-expr","locations":[{"start":{"line":91,"column":17},"end":{"line":91,"column":34}},{"start":{"line":91,"column":38},"end":{"line":91,"column":42}}],"line":91},"27":{"loc":{"start":{"line":96,"column":11},"end":{"line":96,"column":38}},"type":"binary-expr","locations":[{"start":{"line":96,"column":11},"end":{"line":96,"column":30}},{"start":{"line":96,"column":34},"end":{"line":96,"column":38}}],"line":96},"28":{"loc":{"start":{"line":104,"column":16},"end":{"line":104,"column":53}},"type":"binary-expr","locations":[{"start":{"line":104,"column":16},"end":{"line":104,"column":48}},{"start":{"line":104,"column":52},"end":{"line":104,"column":53}}],"line":104},"29":{"loc":{"start":{"line":106,"column":2},"end":{"line":140,"column":3}},"type":"if","locations":[{"start":{"line":106,"column":2},"end":{"line":140,"column":3}},{"start":{},"end":{}}],"line":106},"30":{"loc":{"start":{"line":136,"column":6},"end":{"line":136,"column":76}},"type":"if","locations":[{"start":{"line":136,"column":6},"end":{"line":136,"column":76}},{"start":{},"end":{}}],"line":136},"31":{"loc":{"start":{"line":142,"column":2},"end":{"line":166,"column":3}},"type":"if","locations":[{"start":{"line":142,"column":2},"end":{"line":166,"column":3}},{"start":{},"end":{}}],"line":142},"32":{"loc":{"start":{"line":150,"column":8},"end":{"line":150,"column":78}},"type":"if","locations":[{"start":{"line":150,"column":8},"end":{"line":150,"column":78}},{"start":{},"end":{}}],"line":150},"33":{"loc":{"start":{"line":175,"column":49},"end":{"line":175,"column":60}},"type":"default-arg","locations":[{"start":{"line":175,"column":56},"end":{"line":175,"column":60}}],"line":175},"34":{"loc":{"start":{"line":177,"column":2},"end":{"line":177,"column":24}},"type":"if","locations":[{"start":{"line":177,"column":2},"end":{"line":177,"column":24}},{"start":{},"end":{}}],"line":177},"35":{"loc":{"start":{"line":178,"column":2},"end":{"line":178,"column":62}},"type":"if","locations":[{"start":{"line":178,"column":2},"end":{"line":178,"column":62}},{"start":{},"end":{}}],"line":178},"36":{"loc":{"start":{"line":179,"column":2},"end":{"line":179,"column":71}},"type":"if","locations":[{"start":{"line":179,"column":2},"end":{"line":179,"column":71}},{"start":{},"end":{}}],"line":179},"37":{"loc":{"start":{"line":214,"column":4},"end":{"line":214,"column":93}},"type":"if","locations":[{"start":{"line":214,"column":4},"end":{"line":214,"column":93}},{"start":{},"end":{}}],"line":214},"38":{"loc":{"start":{"line":214,"column":8},"end":{"line":214,"column":56}},"type":"binary-expr","locations":[{"start":{"line":214,"column":8},"end":{"line":214,"column":20}},{"start":{"line":214,"column":24},"end":{"line":214,"column":56}}],"line":214},"39":{"loc":{"start":{"line":231,"column":2},"end":{"line":231,"column":36}},"type":"if","locations":[{"start":{"line":231,"column":2},"end":{"line":231,"column":36}},{"start":{},"end":{}}],"line":231},"40":{"loc":{"start":{"line":238,"column":2},"end":{"line":238,"column":57}},"type":"if","locations":[{"start":{"line":238,"column":2},"end":{"line":238,"column":57}},{"start":{},"end":{}}],"line":238},"41":{"loc":{"start":{"line":243,"column":31},"end":{"line":244,"column":68}},"type":"binary-expr","locations":[{"start":{"line":243,"column":31},"end":{"line":243,"column":62}},{"start":{"line":244,"column":8},"end":{"line":244,"column":20}},{"start":{"line":244,"column":24},"end":{"line":244,"column":67}}],"line":243},"42":{"loc":{"start":{"line":245,"column":2},"end":{"line":245,"column":97}},"type":"if","locations":[{"start":{"line":245,"column":2},"end":{"line":245,"column":97}},{"start":{},"end":{}}],"line":245},"43":{"loc":{"start":{"line":275,"column":4},"end":{"line":277,"column":5}},"type":"if","locations":[{"start":{"line":275,"column":4},"end":{"line":277,"column":5}},{"start":{},"end":{}}],"line":275},"44":{"loc":{"start":{"line":275,"column":8},"end":{"line":275,"column":98}},"type":"binary-expr","locations":[{"start":{"line":275,"column":8},"end":{"line":275,"column":20}},{"start":{"line":275,"column":24},"end":{"line":275,"column":56}},{"start":{"line":275,"column":60},"end":{"line":275,"column":98}}],"line":275},"45":{"loc":{"start":{"line":280,"column":2},"end":{"line":280,"column":74}},"type":"if","locations":[{"start":{"line":280,"column":2},"end":{"line":280,"column":74}},{"start":{},"end":{}}],"line":280},"46":{"loc":{"start":{"line":281,"column":2},"end":{"line":283,"column":3}},"type":"if","locations":[{"start":{"line":281,"column":2},"end":{"line":283,"column":3}},{"start":{},"end":{}}],"line":281},"47":{"loc":{"start":{"line":281,"column":6},"end":{"line":281,"column":69}},"type":"binary-expr","locations":[{"start":{"line":281,"column":6},"end":{"line":281,"column":27}},{"start":{"line":281,"column":31},"end":{"line":281,"column":69}}],"line":281},"48":{"loc":{"start":{"line":287,"column":59},"end":{"line":287,"column":72}},"type":"default-arg","locations":[{"start":{"line":287,"column":68},"end":{"line":287,"column":72}}],"line":287},"49":{"loc":{"start":{"line":289,"column":2},"end":{"line":289,"column":57}},"type":"if","locations":[{"start":{"line":289,"column":2},"end":{"line":289,"column":57}},{"start":{},"end":{}}],"line":289},"50":{"loc":{"start":{"line":292,"column":12},"end":{"line":292,"column":38}},"type":"binary-expr","locations":[{"start":{"line":292,"column":12},"end":{"line":292,"column":18}},{"start":{"line":292,"column":22},"end":{"line":292,"column":38}}],"line":292},"51":{"loc":{"start":{"line":301,"column":2},"end":{"line":308,"column":3}},"type":"if","locations":[{"start":{"line":301,"column":2},"end":{"line":308,"column":3}},{"start":{},"end":{}}],"line":301},"52":{"loc":{"start":{"line":301,"column":6},"end":{"line":301,"column":65}},"type":"binary-expr","locations":[{"start":{"line":301,"column":6},"end":{"line":301,"column":20}},{"start":{"line":301,"column":24},"end":{"line":301,"column":65}}],"line":301},"53":{"loc":{"start":{"line":304,"column":6},"end":{"line":304,"column":43}},"type":"if","locations":[{"start":{"line":304,"column":6},"end":{"line":304,"column":43}},{"start":{},"end":{}}],"line":304},"54":{"loc":{"start":{"line":357,"column":41},"end":{"line":357,"column":53}},"type":"default-arg","locations":[{"start":{"line":357,"column":49},"end":{"line":357,"column":53}}],"line":357},"55":{"loc":{"start":{"line":357,"column":55},"end":{"line":357,"column":74}},"type":"default-arg","locations":[{"start":{"line":357,"column":67},"end":{"line":357,"column":74}}],"line":357},"56":{"loc":{"start":{"line":357,"column":76},"end":{"line":357,"column":98}},"type":"default-arg","locations":[{"start":{"line":357,"column":94},"end":{"line":357,"column":98}}],"line":357},"57":{"loc":{"start":{"line":358,"column":30},"end":{"line":358,"column":42}},"type":"binary-expr","locations":[{"start":{"line":358,"column":30},"end":{"line":358,"column":36}},{"start":{"line":358,"column":40},"end":{"line":358,"column":42}}],"line":358},"58":{"loc":{"start":{"line":359,"column":22},"end":{"line":359,"column":56}},"type":"binary-expr","locations":[{"start":{"line":359,"column":22},"end":{"line":359,"column":48}},{"start":{"line":359,"column":52},"end":{"line":359,"column":56}}],"line":359},"59":{"loc":{"start":{"line":359,"column":29},"end":{"line":359,"column":40}},"type":"binary-expr","locations":[{"start":{"line":359,"column":29},"end":{"line":359,"column":34}},{"start":{"line":359,"column":38},"end":{"line":359,"column":40}}],"line":359},"60":{"loc":{"start":{"line":361,"column":2},"end":{"line":361,"column":66}},"type":"if","locations":[{"start":{"line":361,"column":2},"end":{"line":361,"column":66}},{"start":{},"end":{}}],"line":361},"61":{"loc":{"start":{"line":362,"column":2},"end":{"line":362,"column":86}},"type":"if","locations":[{"start":{"line":362,"column":2},"end":{"line":362,"column":86}},{"start":{},"end":{}}],"line":362},"62":{"loc":{"start":{"line":365,"column":2},"end":{"line":370,"column":3}},"type":"if","locations":[{"start":{"line":365,"column":2},"end":{"line":370,"column":3}},{"start":{},"end":{}}],"line":365},"63":{"loc":{"start":{"line":365,"column":6},"end":{"line":365,"column":89}},"type":"binary-expr","locations":[{"start":{"line":365,"column":6},"end":{"line":365,"column":30}},{"start":{"line":365,"column":34},"end":{"line":365,"column":63}},{"start":{"line":365,"column":67},"end":{"line":365,"column":89}}],"line":365},"64":{"loc":{"start":{"line":367,"column":4},"end":{"line":369,"column":5}},"type":"if","locations":[{"start":{"line":367,"column":4},"end":{"line":369,"column":5}},{"start":{},"end":{}}],"line":367},"65":{"loc":{"start":{"line":367,"column":8},"end":{"line":367,"column":46}},"type":"binary-expr","locations":[{"start":{"line":367,"column":8},"end":{"line":367,"column":32}},{"start":{"line":367,"column":36},"end":{"line":367,"column":46}}],"line":367},"66":{"loc":{"start":{"line":391,"column":51},"end":{"line":391,"column":64}},"type":"default-arg","locations":[{"start":{"line":391,"column":60},"end":{"line":391,"column":64}}],"line":391},"67":{"loc":{"start":{"line":391,"column":66},"end":{"line":391,"column":78}},"type":"default-arg","locations":[{"start":{"line":391,"column":74},"end":{"line":391,"column":78}}],"line":391},"68":{"loc":{"start":{"line":393,"column":2},"end":{"line":393,"column":82}},"type":"if","locations":[{"start":{"line":393,"column":2},"end":{"line":393,"column":82}},{"start":{},"end":{}}],"line":393},"69":{"loc":{"start":{"line":393,"column":6},"end":{"line":393,"column":38}},"type":"binary-expr","locations":[{"start":{"line":393,"column":6},"end":{"line":393,"column":27}},{"start":{"line":393,"column":31},"end":{"line":393,"column":38}}],"line":393},"70":{"loc":{"start":{"line":402,"column":4},"end":{"line":402,"column":78}},"type":"if","locations":[{"start":{"line":402,"column":4},"end":{"line":402,"column":78}},{"start":{},"end":{}}],"line":402},"71":{"loc":{"start":{"line":404,"column":31},"end":{"line":404,"column":59}},"type":"binary-expr","locations":[{"start":{"line":404,"column":31},"end":{"line":404,"column":43}},{"start":{"line":404,"column":47},"end":{"line":404,"column":53}},{"start":{"line":404,"column":57},"end":{"line":404,"column":59}}],"line":404},"72":{"loc":{"start":{"line":405,"column":23},"end":{"line":405,"column":72}},"type":"binary-expr","locations":[{"start":{"line":405,"column":23},"end":{"line":405,"column":64}},{"start":{"line":405,"column":68},"end":{"line":405,"column":72}}],"line":405},"73":{"loc":{"start":{"line":405,"column":30},"end":{"line":405,"column":56}},"type":"binary-expr","locations":[{"start":{"line":405,"column":30},"end":{"line":405,"column":41}},{"start":{"line":405,"column":45},"end":{"line":405,"column":50}},{"start":{"line":405,"column":54},"end":{"line":405,"column":56}}],"line":405},"74":{"loc":{"start":{"line":406,"column":4},"end":{"line":406,"column":67}},"type":"if","locations":[{"start":{"line":406,"column":4},"end":{"line":406,"column":67}},{"start":{},"end":{}}],"line":406},"75":{"loc":{"start":{"line":424,"column":2},"end":{"line":431,"column":3}},"type":"if","locations":[{"start":{"line":424,"column":2},"end":{"line":431,"column":3}},{"start":{},"end":{}}],"line":424},"76":{"loc":{"start":{"line":427,"column":6},"end":{"line":427,"column":65}},"type":"if","locations":[{"start":{"line":427,"column":6},"end":{"line":427,"column":65}},{"start":{},"end":{}}],"line":427},"77":{"loc":{"start":{"line":450,"column":2},"end":{"line":450,"column":39}},"type":"if","locations":[{"start":{"line":450,"column":2},"end":{"line":450,"column":39}},{"start":{},"end":{}}],"line":450},"78":{"loc":{"start":{"line":454,"column":2},"end":{"line":456,"column":3}},"type":"if","locations":[{"start":{"line":454,"column":2},"end":{"line":456,"column":3}},{"start":{},"end":{}}],"line":454},"79":{"loc":{"start":{"line":466,"column":2},"end":{"line":466,"column":41}},"type":"if","locations":[{"start":{"line":466,"column":2},"end":{"line":466,"column":41}},{"start":{},"end":{}}],"line":466},"80":{"loc":{"start":{"line":479,"column":2},"end":{"line":479,"column":68}},"type":"if","locations":[{"start":{"line":479,"column":2},"end":{"line":479,"column":68}},{"start":{},"end":{}}],"line":479},"81":{"loc":{"start":{"line":489,"column":2},"end":{"line":491,"column":3}},"type":"if","locations":[{"start":{"line":489,"column":2},"end":{"line":491,"column":3}},{"start":{},"end":{}}],"line":489},"82":{"loc":{"start":{"line":489,"column":6},"end":{"line":489,"column":78}},"type":"binary-expr","locations":[{"start":{"line":489,"column":6},"end":{"line":489,"column":45}},{"start":{"line":489,"column":49},"end":{"line":489,"column":78}}],"line":489},"83":{"loc":{"start":{"line":492,"column":2},"end":{"line":494,"column":3}},"type":"if","locations":[{"start":{"line":492,"column":2},"end":{"line":494,"column":3}},{"start":{},"end":{}}],"line":492},"84":{"loc":{"start":{"line":500,"column":12},"end":{"line":500,"column":72}},"type":"binary-expr","locations":[{"start":{"line":500,"column":12},"end":{"line":500,"column":38}},{"start":{"line":500,"column":42},"end":{"line":500,"column":72}}],"line":500},"85":{"loc":{"start":{"line":506,"column":22},"end":{"line":506,"column":70}},"type":"binary-expr","locations":[{"start":{"line":506,"column":22},"end":{"line":506,"column":42}},{"start":{"line":506,"column":46},"end":{"line":506,"column":70}}],"line":506},"86":{"loc":{"start":{"line":507,"column":17},"end":{"line":507,"column":40}},"type":"binary-expr","locations":[{"start":{"line":507,"column":17},"end":{"line":507,"column":32}},{"start":{"line":507,"column":36},"end":{"line":507,"column":40}}],"line":507},"87":{"loc":{"start":{"line":516,"column":6},"end":{"line":524,"column":7}},"type":"if","locations":[{"start":{"line":516,"column":6},"end":{"line":524,"column":7}},{"start":{},"end":{}}],"line":516},"88":{"loc":{"start":{"line":520,"column":8},"end":{"line":520,"column":68}},"type":"if","locations":[{"start":{"line":520,"column":8},"end":{"line":520,"column":68}},{"start":{},"end":{}}],"line":520},"89":{"loc":{"start":{"line":521,"column":8},"end":{"line":523,"column":9}},"type":"if","locations":[{"start":{"line":521,"column":8},"end":{"line":523,"column":9}},{"start":{},"end":{}}],"line":521},"90":{"loc":{"start":{"line":521,"column":12},"end":{"line":521,"column":78}},"type":"binary-expr","locations":[{"start":{"line":521,"column":12},"end":{"line":521,"column":34}},{"start":{"line":521,"column":38},"end":{"line":521,"column":78}}],"line":521}},"s":{"0":6,"1":6,"2":6,"3":6,"4":3,"5":3,"6":0,"7":6,"8":6,"9":0,"10":0,"11":0,"12":0,"13":0,"14":0,"15":0,"16":0,"17":0,"18":12,"19":4,"20":12,"21":4,"22":4,"23":8,"24":0,"25":8,"26":8,"27":0,"28":8,"29":4,"30":4,"31":0,"32":4,"33":4,"34":4,"35":4,"36":0,"37":4,"38":0,"39":4,"40":0,"41":4,"42":4,"43":0,"44":4,"45":4,"46":0,"47":4,"48":4,"49":4,"50":4,"51":4,"52":4,"53":4,"54":4,"55":4,"56":4,"57":0,"58":4,"59":4,"60":4,"61":4,"62":8,"63":8,"64":0,"65":0,"66":4,"67":4,"68":2,"69":2,"70":1,"71":1,"72":0,"73":1,"74":1,"75":0,"76":0,"77":0,"78":0,"79":0,"80":1,"81":1,"82":1,"83":1,"84":1,"85":1,"86":1,"87":1,"88":0,"89":0,"90":0,"91":0,"92":0,"93":2,"94":2,"95":0,"96":0,"97":0,"98":0,"99":0,"100":1,"101":1,"102":0,"103":1,"104":1,"105":1,"106":1,"107":1,"108":1,"109":1,"110":1,"111":1,"112":1,"113":1,"114":1,"115":0,"116":0,"117":0,"118":0,"119":0,"120":0,"121":0,"122":0,"123":0,"124":0,"125":0,"126":0,"127":0,"128":0,"129":0,"130":0,"131":0,"132":0,"133":0,"134":0,"135":0,"136":0,"137":0,"138":0,"139":0,"140":0,"141":0,"142":1,"143":1,"144":1,"145":1,"146":0,"147":1,"148":0,"149":1,"150":1,"151":0,"152":0,"153":0,"154":1,"155":1,"156":1,"157":0,"158":0,"159":0,"160":1,"161":1,"162":0,"163":1,"164":1,"165":1,"166":1,"167":1,"168":0,"169":1,"170":1,"171":1,"172":0,"173":1,"174":1,"175":0,"176":0,"177":0,"178":0,"179":0,"180":0,"181":0,"182":0,"183":0,"184":0,"185":0,"186":0,"187":0,"188":0,"189":0,"190":0,"191":0,"192":0,"193":0,"194":0,"195":0,"196":0,"197":0,"198":0,"199":0,"200":2,"201":2,"202":0,"203":2,"204":2,"205":0,"206":2,"207":2,"208":2,"209":2,"210":0,"211":2,"212":0,"213":2,"214":0,"215":2,"216":2,"217":2,"218":2,"219":2,"220":2,"221":2,"222":2,"223":2,"224":2,"225":2,"226":0,"227":0,"228":0,"229":0,"230":0,"231":0,"232":0,"233":2,"234":2,"235":2,"236":0,"237":0,"238":2,"239":2},"f":{"0":3,"1":6,"2":0,"3":0,"4":12,"5":4,"6":8,"7":4,"8":4,"9":2,"10":1,"11":0,"12":2,"13":0,"14":1,"15":0,"16":0,"17":0,"18":0,"19":0,"20":1,"21":0,"22":1,"23":1,"24":0,"25":0,"26":2,"27":2,"28":2},"b":{"0":[3,0],"1":[6,1],"2":[5,1],"3":[0,0],"4":[4,8],"5":[4,4],"6":[4,4],"7":[0,8],"8":[8,8,8],"9":[0,8],"10":[8,8],"11":[0,4],"12":[4,0],"13":[0,4],"14":[4,4,4],"15":[0,4],"16":[0,4],"17":[4,4],"18":[4,0],"19":[0,4],"20":[4,0],"21":[4,1,0],"22":[0,4],"23":[4,0,0,0],"24":[4,1],"25":[4,0],"26":[4,3],"27":[4,4],"28":[4,4],"29":[4,0],"30":[0,4],"31":[4,0],"32":[0,0],"33":[0],"34":[1,1],"35":[0,1],"36":[1,0],"37":[0,0],"38":[0,0],"39":[0,0],"40":[0,1],"41":[1,0,0],"42":[1,0],"43":[1,0],"44":[1,1,1],"45":[0,0],"46":[0,0],"47":[0,0],"48":[0],"49":[0,0],"50":[0,0],"51":[0,0],"52":[0,0],"53":[0,0],"54":[0],"55":[0],"56":[1],"57":[1,0],"58":[1,0],"59":[1,0],"60":[0,1],"61":[0,1],"62":[0,1],"63":[1,0,0],"64":[0,0],"65":[0,0],"66":[1],"67":[1],"68":[0,1],"69":[1,1],"70":[0,1],"71":[1,0,0],"72":[1,0],"73":[1,0,0],"74":[0,1],"75":[0,0],"76":[0,0],"77":[0,0],"78":[0,0],"79":[2,0],"80":[0,2],"81":[0,2],"82":[2,2],"83":[0,2],"84":[2,0],"85":[2,0],"86":[2,2],"87":[0,2],"88":[0,0],"89":[0,0],"90":[0,0]},"_coverageSchema":"1a1c01bbd47fc00a2c39e90264f33305004495a9","hash":"a07842d06caee8dbfa80cbbe782c184deb3b95b7"}
,"C:\\Users\\ElPidio\\Desktop\\app_libro\\app_libro\\src\\portadas.js": {"path":"C:\\Users\\ElPidio\\Desktop\\app_libro\\app_libro\\src\\portadas.js","statementMap":{"0":{"start":{"line":6,"column":27},"end":{"line":6,"column":68}},"1":{"start":{"line":7,"column":32},"end":{"line":7,"column":81}},"2":{"start":{"line":11,"column":4},"end":{"line":11,"column":19}},"3":{"start":{"line":12,"column":4},"end":{"line":12,"column":31}},"4":{"start":{"line":13,"column":4},"end":{"line":13,"column":25}},"5":{"start":{"line":14,"column":4},"end":{"line":14,"column":23}},"6":{"start":{"line":19,"column":2},"end":{"line":21,"column":3}},"7":{"start":{"line":20,"column":4},"end":{"line":20,"column":73}},"8":{"start":{"line":25,"column":2},"end":{"line":27,"column":3}},"9":{"start":{"line":26,"column":4},"end":{"line":26,"column":78}},"10":{"start":{"line":31,"column":2},"end":{"line":33,"column":5}},"11":{"start":{"line":32,"column":4},"end":{"line":32,"column":71}},"12":{"start":{"line":32,"column":34},"end":{"line":32,"column":48}},"13":{"start":{"line":32,"column":56},"end":{"line":32,"column":69}},"14":{"start":{"line":37,"column":2},"end":{"line":41,"column":3}},"15":{"start":{"line":38,"column":4},"end":{"line":38,"column":42}},"16":{"start":{"line":38,"column":25},"end":{"line":38,"column":42}},"17":{"start":{"line":49,"column":2},"end":{"line":49,"column":63}},"18":{"start":{"line":53,"column":2},"end":{"line":53,"column":32}},"19":{"start":{"line":53,"column":20},"end":{"line":53,"column":32}},"20":{"start":{"line":55,"column":25},"end":{"line":55,"column":29}},"21":{"start":{"line":56,"column":26},"end":{"line":56,"column":30}},"22":{"start":{"line":57,"column":2},"end":{"line":104,"column":3}},"23":{"start":{"line":58,"column":4},"end":{"line":59,"column":38}},"24":{"start":{"line":58,"column":18},"end":{"line":58,"column":47}},"25":{"start":{"line":59,"column":9},"end":{"line":59,"column":38}},"26":{"start":{"line":60,"column":19},"end":{"line":60,"column":30}},"27":{"start":{"line":62,"column":4},"end":{"line":73,"column":5}},"28":{"start":{"line":63,"column":6},"end":{"line":66,"column":8}},"29":{"start":{"line":67,"column":23},"end":{"line":71,"column":7}},"30":{"start":{"line":72,"column":6},"end":{"line":72,"column":30}},"31":{"start":{"line":75,"column":26},"end":{"line":75,"column":54}},"32":{"start":{"line":76,"column":21},"end":{"line":78,"column":10}},"33":{"start":{"line":79,"column":4},"end":{"line":82,"column":7}},"34":{"start":{"line":84,"column":20},"end":{"line":87,"column":5}},"35":{"start":{"line":88,"column":4},"end":{"line":88,"column":50}},"36":{"start":{"line":89,"column":4},"end":{"line":89,"column":23}},"37":{"start":{"line":91,"column":20},"end":{"line":91,"column":51}},"38":{"start":{"line":92,"column":19},"end":{"line":98,"column":35}},"39":{"start":{"line":99,"column":4},"end":{"line":99,"column":90}},"40":{"start":{"line":100,"column":4},"end":{"line":100,"column":89}},"41":{"start":{"line":102,"column":4},"end":{"line":102,"column":37}},"42":{"start":{"line":103,"column":4},"end":{"line":103,"column":80}},"43":{"start":{"line":103,"column":32},"end":{"line":103,"column":80}},"44":{"start":{"line":108,"column":2},"end":{"line":108,"column":61}},"45":{"start":{"line":108,"column":31},"end":{"line":108,"column":61}},"46":{"start":{"line":109,"column":2},"end":{"line":109,"column":31}},"47":{"start":{"line":110,"column":17},"end":{"line":110,"column":30}},"48":{"start":{"line":111,"column":2},"end":{"line":111,"column":108}},"49":{"start":{"line":111,"column":22},"end":{"line":111,"column":108}},"50":{"start":{"line":112,"column":18},"end":{"line":115,"column":3}},"51":{"start":{"line":116,"column":2},"end":{"line":124,"column":3}},"52":{"start":{"line":117,"column":4},"end":{"line":117,"column":25}},"53":{"start":{"line":118,"column":4},"end":{"line":118,"column":20}},"54":{"start":{"line":119,"column":4},"end":{"line":119,"column":46}},"55":{"start":{"line":121,"column":4},"end":{"line":121,"column":28}},"56":{"start":{"line":122,"column":4},"end":{"line":122,"column":70}},"57":{"start":{"line":123,"column":4},"end":{"line":123,"column":107}},"58":{"start":{"line":128,"column":2},"end":{"line":128,"column":60}},"59":{"start":{"line":128,"column":30},"end":{"line":128,"column":60}},"60":{"start":{"line":132,"column":2},"end":{"line":132,"column":64}},"61":{"start":{"line":132,"column":34},"end":{"line":132,"column":64}},"62":{"start":{"line":136,"column":2},"end":{"line":144,"column":3}},"63":{"start":{"line":137,"column":4},"end":{"line":137,"column":56}},"64":{"start":{"line":137,"column":44},"end":{"line":137,"column":56}},"65":{"start":{"line":138,"column":19},"end":{"line":138,"column":86}},"66":{"start":{"line":139,"column":4},"end":{"line":139,"column":35}},"67":{"start":{"line":139,"column":23},"end":{"line":139,"column":35}},"68":{"start":{"line":140,"column":4},"end":{"line":140,"column":63}},"69":{"start":{"line":142,"column":4},"end":{"line":142,"column":79}},"70":{"start":{"line":143,"column":4},"end":{"line":143,"column":96}}},"fnMap":{"0":{"name":"(anonymous_0)","decl":{"start":{"line":10,"column":2},"end":{"line":10,"column":3}},"loc":{"start":{"line":10,"column":45},"end":{"line":15,"column":3}},"line":10},"1":{"name":"asegurarDirectorioPortadas","decl":{"start":{"line":18,"column":9},"end":{"line":18,"column":35}},"loc":{"start":{"line":18,"column":38},"end":{"line":22,"column":1}},"line":18},"2":{"name":"asegurarDirectorioTemporal","decl":{"start":{"line":24,"column":9},"end":{"line":24,"column":35}},"loc":{"start":{"line":24,"column":38},"end":{"line":28,"column":1}},"line":24},"3":{"name":"obtenerAncho","decl":{"start":{"line":30,"column":9},"end":{"line":30,"column":21}},"loc":{"start":{"line":30,"column":27},"end":{"line":34,"column":1}},"line":30},"4":{"name":"(anonymous_4)","decl":{"start":{"line":31,"column":21},"end":{"line":31,"column":22}},"loc":{"start":{"line":31,"column":34},"end":{"line":33,"column":3}},"line":31},"5":{"name":"(anonymous_5)","decl":{"start":{"line":32,"column":23},"end":{"line":32,"column":24}},"loc":{"start":{"line":32,"column":34},"end":{"line":32,"column":48}},"line":32},"6":{"name":"(anonymous_6)","decl":{"start":{"line":32,"column":50},"end":{"line":32,"column":51}},"loc":{"start":{"line":32,"column":56},"end":{"line":32,"column":69}},"line":32},"7":{"name":"borrarSiExiste","decl":{"start":{"line":36,"column":9},"end":{"line":36,"column":23}},"loc":{"start":{"line":36,"column":33},"end":{"line":42,"column":1}},"line":36},"8":{"name":"esPortadaTemporal","decl":{"start":{"line":48,"column":16},"end":{"line":48,"column":33}},"loc":{"start":{"line":48,"column":39},"end":{"line":50,"column":1}},"line":48},"9":{"name":"optimizarYGuardarPortada","decl":{"start":{"line":52,"column":22},"end":{"line":52,"column":46}},"loc":{"start":{"line":52,"column":87},"end":{"line":105,"column":1}},"line":52},"10":{"name":"confirmarPortadaTemporal","decl":{"start":{"line":107,"column":16},"end":{"line":107,"column":40}},"loc":{"start":{"line":107,"column":46},"end":{"line":125,"column":1}},"line":107},"11":{"name":"descartarPortadaTemporal","decl":{"start":{"line":127,"column":16},"end":{"line":127,"column":40}},"loc":{"start":{"line":127,"column":46},"end":{"line":129,"column":1}},"line":127},"12":{"name":"eliminarPortadaLocal","decl":{"start":{"line":131,"column":16},"end":{"line":131,"column":36}},"loc":{"start":{"line":131,"column":42},"end":{"line":133,"column":1}},"line":131},"13":{"name":"pegarPortadaDesdePortapapeles","decl":{"start":{"line":135,"column":22},"end":{"line":135,"column":51}},"loc":{"start":{"line":135,"column":79},"end":{"line":145,"column":1}},"line":135}},"branchMap":{"0":{"loc":{"start":{"line":10,"column":31},"end":{"line":10,"column":43}},"type":"default-arg","locations":[{"start":{"line":10,"column":39},"end":{"line":10,"column":43}}],"line":10},"1":{"loc":{"start":{"line":19,"column":2},"end":{"line":21,"column":3}},"type":"if","locations":[{"start":{"line":19,"column":2},"end":{"line":21,"column":3}},{"start":{},"end":{}}],"line":19},"2":{"loc":{"start":{"line":25,"column":2},"end":{"line":27,"column":3}},"type":"if","locations":[{"start":{"line":25,"column":2},"end":{"line":27,"column":3}},{"start":{},"end":{}}],"line":25},"3":{"loc":{"start":{"line":38,"column":4},"end":{"line":38,"column":42}},"type":"if","locations":[{"start":{"line":38,"column":4},"end":{"line":38,"column":42}},{"start":{},"end":{}}],"line":38},"4":{"loc":{"start":{"line":49,"column":17},"end":{"line":49,"column":61}},"type":"binary-expr","locations":[{"start":{"line":49,"column":17},"end":{"line":49,"column":20}},{"start":{"line":49,"column":24},"end":{"line":49,"column":61}}],"line":49},"5":{"loc":{"start":{"line":52,"column":60},"end":{"line":52,"column":85}},"type":"default-arg","locations":[{"start":{"line":52,"column":83},"end":{"line":52,"column":85}}],"line":52},"6":{"loc":{"start":{"line":52,"column":62},"end":{"line":52,"column":78}},"type":"default-arg","locations":[{"start":{"line":52,"column":73},"end":{"line":52,"column":78}}],"line":52},"7":{"loc":{"start":{"line":53,"column":2},"end":{"line":53,"column":32}},"type":"if","locations":[{"start":{"line":53,"column":2},"end":{"line":53,"column":32}},{"start":{},"end":{}}],"line":53},"8":{"loc":{"start":{"line":58,"column":4},"end":{"line":59,"column":38}},"type":"if","locations":[{"start":{"line":58,"column":4},"end":{"line":59,"column":38}},{"start":{"line":59,"column":9},"end":{"line":59,"column":38}}],"line":58},"9":{"loc":{"start":{"line":62,"column":4},"end":{"line":73,"column":5}},"type":"if","locations":[{"start":{"line":62,"column":4},"end":{"line":73,"column":5}},{"start":{},"end":{}}],"line":62},"10":{"loc":{"start":{"line":76,"column":21},"end":{"line":78,"column":10}},"type":"cond-expr","locations":[{"start":{"line":77,"column":8},"end":{"line":77,"column":36}},{"start":{"line":78,"column":8},"end":{"line":78,"column":10}}],"line":76},"11":{"loc":{"start":{"line":76,"column":21},"end":{"line":76,"column":66}},"type":"binary-expr","locations":[{"start":{"line":76,"column":21},"end":{"line":76,"column":43}},{"start":{"line":76,"column":47},"end":{"line":76,"column":66}}],"line":76},"12":{"loc":{"start":{"line":85,"column":6},"end":{"line":85,"column":61}},"type":"cond-expr","locations":[{"start":{"line":85,"column":17},"end":{"line":85,"column":40}},{"start":{"line":85,"column":43},"end":{"line":85,"column":61}}],"line":85},"13":{"loc":{"start":{"line":86,"column":9},"end":{"line":86,"column":61}},"type":"cond-expr","locations":[{"start":{"line":86,"column":20},"end":{"line":86,"column":38}},{"start":{"line":86,"column":41},"end":{"line":86,"column":61}}],"line":86},"14":{"loc":{"start":{"line":91,"column":27},"end":{"line":91,"column":50}},"type":"binary-expr","locations":[{"start":{"line":91,"column":27},"end":{"line":91,"column":41}},{"start":{"line":91,"column":45},"end":{"line":91,"column":50}}],"line":91},"15":{"loc":{"start":{"line":92,"column":19},"end":{"line":98,"column":35}},"type":"cond-expr","locations":[{"start":{"line":93,"column":8},"end":{"line":93,"column":21}},{"start":{"line":94,"column":8},"end":{"line":98,"column":35}}],"line":92},"16":{"loc":{"start":{"line":94,"column":8},"end":{"line":98,"column":35}},"type":"cond-expr","locations":[{"start":{"line":95,"column":10},"end":{"line":95,"column":28}},{"start":{"line":96,"column":10},"end":{"line":98,"column":35}}],"line":94},"17":{"loc":{"start":{"line":96,"column":10},"end":{"line":98,"column":35}},"type":"cond-expr","locations":[{"start":{"line":97,"column":12},"end":{"line":97,"column":30}},{"start":{"line":98,"column":12},"end":{"line":98,"column":35}}],"line":96},"18":{"loc":{"start":{"line":103,"column":4},"end":{"line":103,"column":80}},"type":"if","locations":[{"start":{"line":103,"column":4},"end":{"line":103,"column":80}},{"start":{},"end":{}}],"line":103},"19":{"loc":{"start":{"line":108,"column":2},"end":{"line":108,"column":61}},"type":"if","locations":[{"start":{"line":108,"column":2},"end":{"line":108,"column":61}},{"start":{},"end":{}}],"line":108},"20":{"loc":{"start":{"line":111,"column":2},"end":{"line":111,"column":108}},"type":"if","locations":[{"start":{"line":111,"column":2},"end":{"line":111,"column":108}},{"start":{},"end":{}}],"line":111},"21":{"loc":{"start":{"line":128,"column":2},"end":{"line":128,"column":60}},"type":"if","locations":[{"start":{"line":128,"column":2},"end":{"line":128,"column":60}},{"start":{},"end":{}}],"line":128},"22":{"loc":{"start":{"line":132,"column":2},"end":{"line":132,"column":64}},"type":"if","locations":[{"start":{"line":132,"column":2},"end":{"line":132,"column":64}},{"start":{},"end":{}}],"line":132},"23":{"loc":{"start":{"line":135,"column":52},"end":{"line":135,"column":77}},"type":"default-arg","locations":[{"start":{"line":135,"column":75},"end":{"line":135,"column":77}}],"line":135},"24":{"loc":{"start":{"line":135,"column":54},"end":{"line":135,"column":70}},"type":"default-arg","locations":[{"start":{"line":135,"column":65},"end":{"line":135,"column":70}}],"line":135},"25":{"loc":{"start":{"line":137,"column":4},"end":{"line":137,"column":56}},"type":"if","locations":[{"start":{"line":137,"column":4},"end":{"line":137,"column":56}},{"start":{},"end":{}}],"line":137},"26":{"loc":{"start":{"line":139,"column":4},"end":{"line":139,"column":35}},"type":"if","locations":[{"start":{"line":139,"column":4},"end":{"line":139,"column":35}},{"start":{},"end":{}}],"line":139}},"s":{"0":6,"1":6,"2":2,"3":2,"4":2,"5":2,"6":1,"7":1,"8":3,"9":3,"10":3,"11":3,"12":3,"13":0,"14":7,"15":7,"16":4,"17":5,"18":3,"19":0,"20":3,"21":3,"22":3,"23":3,"24":3,"25":0,"26":3,"27":3,"28":0,"29":0,"30":0,"31":3,"32":3,"33":3,"34":3,"35":3,"36":1,"37":2,"38":2,"39":2,"40":2,"41":3,"42":3,"43":3,"44":1,"45":0,"46":1,"47":1,"48":1,"49":0,"50":1,"51":1,"52":1,"53":1,"54":1,"55":0,"56":0,"57":0,"58":0,"59":0,"60":1,"61":1,"62":0,"63":0,"64":0,"65":0,"66":0,"67":0,"68":0,"69":0,"70":0},"f":{"0":2,"1":1,"2":3,"3":3,"4":3,"5":3,"6":0,"7":7,"8":5,"9":3,"10":1,"11":0,"12":1,"13":0},"b":{"0":[0],"1":[1,0],"2":[3,0],"3":[4,3],"4":[5,3],"5":[0],"6":[0],"7":[0,3],"8":[3,0],"9":[0,3],"10":[3,0],"11":[3,3],"12":[3,0],"13":[3,0],"14":[2,0],"15":[1,1],"16":[1,0],"17":[0,0],"18":[3,0],"19":[0,1],"20":[0,1],"21":[0,0],"22":[1,0],"23":[0],"24":[0],"25":[0,0],"26":[0,0]},"_coverageSchema":"1a1c01bbd47fc00a2c39e90264f33305004495a9","hash":"4fa1f35641188662af74aa2163ec71213e898aa1"}
,"C:\\Users\\ElPidio\\Desktop\\app_libro\\app_libro\\test\\mocks\\expo-file-system.js": {"path":"C:\\Users\\ElPidio\\Desktop\\app_libro\\app_libro\\test\\mocks\\expo-file-system.js","statementMap":{"0":{"start":{"line":1,"column":14},"end":{"line":1,"column":23}},"1":{"start":{"line":2,"column":17},"end":{"line":2,"column":26}},"2":{"start":{"line":4,"column":14},"end":{"line":7,"column":2}},"3":{"start":{"line":10,"column":2},"end":{"line":10,"column":76}},"4":{"start":{"line":10,"column":59},"end":{"line":10,"column":76}},"5":{"start":{"line":11,"column":2},"end":{"line":11,"column":72}},"6":{"start":{"line":11,"column":55},"end":{"line":11,"column":72}},"7":{"start":{"line":12,"column":2},"end":{"line":12,"column":29}},"8":{"start":{"line":16,"column":15},"end":{"line":16,"column":48}},"9":{"start":{"line":17,"column":2},"end":{"line":17,"column":85}},"10":{"start":{"line":21,"column":18},"end":{"line":21,"column":41}},"11":{"start":{"line":22,"column":2},"end":{"line":22,"column":23}},"12":{"start":{"line":22,"column":16},"end":{"line":22,"column":23}},"13":{"start":{"line":23,"column":2},"end":{"line":23,"column":29}},"14":{"start":{"line":24,"column":2},"end":{"line":24,"column":16}},"15":{"start":{"line":29,"column":4},"end":{"line":29,"column":34}},"16":{"start":{"line":33,"column":19},"end":{"line":33,"column":53}},"17":{"start":{"line":34,"column":4},"end":{"line":34,"column":90}},"18":{"start":{"line":34,"column":66},"end":{"line":34,"column":88}},"19":{"start":{"line":38,"column":4},"end":{"line":38,"column":34}},"20":{"start":{"line":39,"column":4},"end":{"line":39,"column":59}},"21":{"start":{"line":45,"column":4},"end":{"line":45,"column":34}},"22":{"start":{"line":49,"column":4},"end":{"line":49,"column":31}},"23":{"start":{"line":53,"column":4},"end":{"line":53,"column":29}},"24":{"start":{"line":54,"column":4},"end":{"line":54,"column":52}},"25":{"start":{"line":58,"column":4},"end":{"line":58,"column":28}},"26":{"start":{"line":59,"column":4},"end":{"line":59,"column":48}},"27":{"start":{"line":63,"column":4},"end":{"line":63,"column":27}},"28":{"start":{"line":64,"column":18},"end":{"line":64,"column":37}},"29":{"start":{"line":65,"column":4},"end":{"line":65,"column":106}},"30":{"start":{"line":69,"column":4},"end":{"line":69,"column":29}},"31":{"start":{"line":70,"column":17},"end":{"line":70,"column":48}},"32":{"start":{"line":71,"column":4},"end":{"line":71,"column":82}},"33":{"start":{"line":75,"column":4},"end":{"line":75,"column":27}},"34":{"start":{"line":76,"column":19},"end":{"line":76,"column":84}},"35":{"start":{"line":77,"column":4},"end":{"line":77,"column":61}},"36":{"start":{"line":77,"column":22},"end":{"line":77,"column":61}},"37":{"start":{"line":78,"column":19},"end":{"line":78,"column":38}},"38":{"start":{"line":79,"column":4},"end":{"line":79,"column":63}},"39":{"start":{"line":83,"column":4},"end":{"line":83,"column":29}},"40":{"start":{"line":84,"column":4},"end":{"line":84,"column":27}},"41":{"start":{"line":88,"column":4},"end":{"line":88,"column":31}},"42":{"start":{"line":89,"column":19},"end":{"line":89,"column":84}},"43":{"start":{"line":90,"column":4},"end":{"line":90,"column":72}},"44":{"start":{"line":91,"column":4},"end":{"line":91,"column":31}},"45":{"start":{"line":95,"column":0},"end":{"line":112,"column":2}},"46":{"start":{"line":100,"column":4},"end":{"line":100,"column":18}},"47":{"start":{"line":101,"column":4},"end":{"line":101,"column":21}},"48":{"start":{"line":104,"column":4},"end":{"line":104,"column":35}},"49":{"start":{"line":107,"column":4},"end":{"line":107,"column":26}},"50":{"start":{"line":110,"column":4},"end":{"line":110,"column":29}}},"fnMap":{"0":{"name":"asUri","decl":{"start":{"line":9,"column":9},"end":{"line":9,"column":14}},"loc":{"start":{"line":9,"column":22},"end":{"line":13,"column":1}},"line":9},"1":{"name":"join","decl":{"start":{"line":15,"column":9},"end":{"line":15,"column":13}},"loc":{"start":{"line":15,"column":29},"end":{"line":18,"column":1}},"line":15},"2":{"name":"maybeFail","decl":{"start":{"line":20,"column":9},"end":{"line":20,"column":18}},"loc":{"start":{"line":20,"column":30},"end":{"line":25,"column":1}},"line":20},"3":{"name":"(anonymous_3)","decl":{"start":{"line":28,"column":2},"end":{"line":28,"column":3}},"loc":{"start":{"line":28,"column":28},"end":{"line":30,"column":3}},"line":28},"4":{"name":"(anonymous_4)","decl":{"start":{"line":32,"column":2},"end":{"line":32,"column":3}},"loc":{"start":{"line":32,"column":15},"end":{"line":35,"column":3}},"line":32},"5":{"name":"(anonymous_5)","decl":{"start":{"line":34,"column":57},"end":{"line":34,"column":58}},"loc":{"start":{"line":34,"column":66},"end":{"line":34,"column":88}},"line":34},"6":{"name":"(anonymous_6)","decl":{"start":{"line":37,"column":2},"end":{"line":37,"column":3}},"loc":{"start":{"line":37,"column":11},"end":{"line":40,"column":3}},"line":37},"7":{"name":"(anonymous_7)","decl":{"start":{"line":44,"column":2},"end":{"line":44,"column":3}},"loc":{"start":{"line":44,"column":28},"end":{"line":46,"column":3}},"line":44},"8":{"name":"(anonymous_8)","decl":{"start":{"line":48,"column":2},"end":{"line":48,"column":3}},"loc":{"start":{"line":48,"column":15},"end":{"line":50,"column":3}},"line":48},"9":{"name":"(anonymous_9)","decl":{"start":{"line":52,"column":2},"end":{"line":52,"column":3}},"loc":{"start":{"line":52,"column":11},"end":{"line":55,"column":3}},"line":52},"10":{"name":"(anonymous_10)","decl":{"start":{"line":57,"column":2},"end":{"line":57,"column":3}},"loc":{"start":{"line":57,"column":14},"end":{"line":60,"column":3}},"line":57},"11":{"name":"(anonymous_11)","decl":{"start":{"line":62,"column":2},"end":{"line":62,"column":3}},"loc":{"start":{"line":62,"column":15},"end":{"line":66,"column":3}},"line":62},"12":{"name":"(anonymous_12)","decl":{"start":{"line":68,"column":2},"end":{"line":68,"column":3}},"loc":{"start":{"line":68,"column":17},"end":{"line":72,"column":3}},"line":68},"13":{"name":"(anonymous_13)","decl":{"start":{"line":74,"column":2},"end":{"line":74,"column":3}},"loc":{"start":{"line":74,"column":20},"end":{"line":80,"column":3}},"line":74},"14":{"name":"(anonymous_14)","decl":{"start":{"line":82,"column":2},"end":{"line":82,"column":3}},"loc":{"start":{"line":82,"column":11},"end":{"line":85,"column":3}},"line":82},"15":{"name":"(anonymous_15)","decl":{"start":{"line":87,"column":2},"end":{"line":87,"column":3}},"loc":{"start":{"line":87,"column":54},"end":{"line":92,"column":3}},"line":87},"16":{"name":"(anonymous_16)","decl":{"start":{"line":99,"column":2},"end":{"line":99,"column":3}},"loc":{"start":{"line":99,"column":12},"end":{"line":102,"column":3}},"line":99},"17":{"name":"(anonymous_17)","decl":{"start":{"line":103,"column":2},"end":{"line":103,"column":3}},"loc":{"start":{"line":103,"column":33},"end":{"line":105,"column":3}},"line":103},"18":{"name":"(anonymous_18)","decl":{"start":{"line":106,"column":2},"end":{"line":106,"column":3}},"loc":{"start":{"line":106,"column":13},"end":{"line":108,"column":3}},"line":106},"19":{"name":"(anonymous_19)","decl":{"start":{"line":109,"column":2},"end":{"line":109,"column":3}},"loc":{"start":{"line":109,"column":11},"end":{"line":111,"column":3}},"line":109}},"branchMap":{"0":{"loc":{"start":{"line":10,"column":2},"end":{"line":10,"column":76}},"type":"if","locations":[{"start":{"line":10,"column":2},"end":{"line":10,"column":76}},{"start":{},"end":{}}],"line":10},"1":{"loc":{"start":{"line":10,"column":6},"end":{"line":10,"column":57}},"type":"binary-expr","locations":[{"start":{"line":10,"column":6},"end":{"line":10,"column":27}},{"start":{"line":10,"column":31},"end":{"line":10,"column":57}}],"line":10},"2":{"loc":{"start":{"line":11,"column":2},"end":{"line":11,"column":72}},"type":"if","locations":[{"start":{"line":11,"column":2},"end":{"line":11,"column":72}},{"start":{},"end":{}}],"line":11},"3":{"loc":{"start":{"line":11,"column":6},"end":{"line":11,"column":53}},"type":"binary-expr","locations":[{"start":{"line":11,"column":6},"end":{"line":11,"column":11}},{"start":{"line":11,"column":15},"end":{"line":11,"column":40}},{"start":{"line":11,"column":44},"end":{"line":11,"column":53}}],"line":11},"4":{"loc":{"start":{"line":12,"column":16},"end":{"line":12,"column":27}},"type":"binary-expr","locations":[{"start":{"line":12,"column":16},"end":{"line":12,"column":21}},{"start":{"line":12,"column":25},"end":{"line":12,"column":27}}],"line":12},"5":{"loc":{"start":{"line":17,"column":9},"end":{"line":17,"column":84}},"type":"cond-expr","locations":[{"start":{"line":17,"column":31},"end":{"line":17,"column":35}},{"start":{"line":17,"column":38},"end":{"line":17,"column":84}}],"line":17},"6":{"loc":{"start":{"line":22,"column":2},"end":{"line":22,"column":23}},"type":"if","locations":[{"start":{"line":22,"column":2},"end":{"line":22,"column":23}},{"start":{},"end":{}}],"line":22},"7":{"loc":{"start":{"line":34,"column":11},"end":{"line":34,"column":89}},"type":"binary-expr","locations":[{"start":{"line":34,"column":11},"end":{"line":34,"column":30}},{"start":{"line":34,"column":34},"end":{"line":34,"column":89}}],"line":34},"8":{"loc":{"start":{"line":65,"column":11},"end":{"line":65,"column":105}},"type":"cond-expr","locations":[{"start":{"line":65,"column":45},"end":{"line":65,"column":55}},{"start":{"line":65,"column":58},"end":{"line":65,"column":105}}],"line":65},"9":{"loc":{"start":{"line":65,"column":70},"end":{"line":65,"column":87}},"type":"binary-expr","locations":[{"start":{"line":65,"column":70},"end":{"line":65,"column":81}},{"start":{"line":65,"column":85},"end":{"line":65,"column":87}}],"line":65},"10":{"loc":{"start":{"line":70,"column":17},"end":{"line":70,"column":48}},"type":"binary-expr","locations":[{"start":{"line":70,"column":17},"end":{"line":70,"column":42}},{"start":{"line":70,"column":46},"end":{"line":70,"column":48}}],"line":70},"11":{"loc":{"start":{"line":71,"column":23},"end":{"line":71,"column":61}},"type":"cond-expr","locations":[{"start":{"line":71,"column":50},"end":{"line":71,"column":54}},{"start":{"line":71,"column":57},"end":{"line":71,"column":61}}],"line":71},"12":{"loc":{"start":{"line":76,"column":19},"end":{"line":76,"column":84}},"type":"cond-expr","locations":[{"start":{"line":76,"column":49},"end":{"line":76,"column":60}},{"start":{"line":76,"column":63},"end":{"line":76,"column":84}}],"line":76},"13":{"loc":{"start":{"line":77,"column":4},"end":{"line":77,"column":61}},"type":"if","locations":[{"start":{"line":77,"column":4},"end":{"line":77,"column":61}},{"start":{},"end":{}}],"line":77},"14":{"loc":{"start":{"line":89,"column":19},"end":{"line":89,"column":84}},"type":"cond-expr","locations":[{"start":{"line":89,"column":49},"end":{"line":89,"column":60}},{"start":{"line":89,"column":63},"end":{"line":89,"column":84}}],"line":89}},"s":{"0":6,"1":6,"2":6,"3":33,"4":4,"5":29,"6":2,"7":27,"8":33,"9":33,"10":30,"11":30,"12":28,"13":2,"14":2,"15":12,"16":4,"17":4,"18":6,"19":4,"20":4,"21":21,"22":7,"23":7,"24":7,"25":8,"26":8,"27":2,"28":2,"29":2,"30":0,"31":0,"32":0,"33":4,"34":2,"35":2,"36":0,"37":2,"38":2,"39":5,"40":5,"41":0,"42":0,"43":0,"44":0,"45":6,"46":6,"47":6,"48":2,"49":2,"50":1},"f":{"0":33,"1":33,"2":30,"3":12,"4":4,"5":6,"6":4,"7":21,"8":7,"9":7,"10":8,"11":2,"12":0,"13":4,"14":5,"15":0,"16":6,"17":2,"18":2,"19":1},"b":{"0":[4,29],"1":[33,33],"2":[2,27],"3":[29,29,2],"4":[27,0],"5":[10,23],"6":[28,2],"7":[4,4],"8":[2,0],"9":[0,0],"10":[0,0],"11":[0,0],"12":[2,0],"13":[0,2],"14":[0,0]},"_coverageSchema":"1a1c01bbd47fc00a2c39e90264f33305004495a9","hash":"aefc9b9806344abb7ae87692f34ad067fd71a8ce"}
,"C:\\Users\\ElPidio\\Desktop\\app_libro\\app_libro\\test\\mocks\\expo-sqlite.js": {"path":"C:\\Users\\ElPidio\\Desktop\\app_libro\\app_libro\\test\\mocks\\expo-sqlite.js","statementMap":{"0":{"start":{"line":2,"column":2},"end":{"line":12,"column":4}},"1":{"start":{"line":15,"column":12},"end":{"line":15,"column":26}},"2":{"start":{"line":18,"column":2},"end":{"line":29,"column":4}},"3":{"start":{"line":26,"column":46},"end":{"line":26,"column":56}},"4":{"start":{"line":27,"column":52},"end":{"line":27,"column":62}},"5":{"start":{"line":33,"column":2},"end":{"line":33,"column":49}},"6":{"start":{"line":37,"column":2},"end":{"line":37,"column":66}},"7":{"start":{"line":37,"column":51},"end":{"line":37,"column":66}},"8":{"start":{"line":38,"column":2},"end":{"line":38,"column":14}},"9":{"start":{"line":42,"column":2},"end":{"line":42,"column":71}},"10":{"start":{"line":46,"column":2},"end":{"line":79,"column":3}},"11":{"start":{"line":47,"column":22},"end":{"line":47,"column":43}},"12":{"start":{"line":48,"column":4},"end":{"line":48,"column":29}},"13":{"start":{"line":48,"column":20},"end":{"line":48,"column":29}},"14":{"start":{"line":50,"column":4},"end":{"line":78,"column":5}},"15":{"start":{"line":51,"column":6},"end":{"line":51,"column":43}},"16":{"start":{"line":52,"column":11},"end":{"line":78,"column":5}},"17":{"start":{"line":53,"column":6},"end":{"line":53,"column":37}},"18":{"start":{"line":54,"column":6},"end":{"line":55,"column":67}},"19":{"start":{"line":55,"column":29},"end":{"line":55,"column":65}},"20":{"start":{"line":56,"column":11},"end":{"line":78,"column":5}},"21":{"start":{"line":57,"column":6},"end":{"line":57,"column":40}},"22":{"start":{"line":58,"column":6},"end":{"line":59,"column":70}},"23":{"start":{"line":59,"column":29},"end":{"line":59,"column":68}},"24":{"start":{"line":60,"column":11},"end":{"line":78,"column":5}},"25":{"start":{"line":61,"column":32},"end":{"line":61,"column":37}},"26":{"start":{"line":62,"column":6},"end":{"line":62,"column":96}},"27":{"start":{"line":62,"column":44},"end":{"line":62,"column":96}},"28":{"start":{"line":63,"column":6},"end":{"line":63,"column":39}},"29":{"start":{"line":64,"column":11},"end":{"line":78,"column":5}},"30":{"start":{"line":65,"column":6},"end":{"line":65,"column":34}},"31":{"start":{"line":66,"column":11},"end":{"line":78,"column":5}},"32":{"start":{"line":67,"column":6},"end":{"line":69,"column":9}},"33":{"start":{"line":68,"column":8},"end":{"line":68,"column":67}},"34":{"start":{"line":68,"column":23},"end":{"line":68,"column":67}},"35":{"start":{"line":70,"column":11},"end":{"line":78,"column":5}},"36":{"start":{"line":71,"column":6},"end":{"line":73,"column":9}},"37":{"start":{"line":72,"column":8},"end":{"line":72,"column":67}},"38":{"start":{"line":72,"column":23},"end":{"line":72,"column":67}},"39":{"start":{"line":74,"column":11},"end":{"line":78,"column":5}},"40":{"start":{"line":75,"column":6},"end":{"line":77,"column":9}},"41":{"start":{"line":76,"column":8},"end":{"line":76,"column":87}},"42":{"start":{"line":76,"column":62},"end":{"line":76,"column":87}},"43":{"start":{"line":83,"column":20},"end":{"line":83,"column":32}},"44":{"start":{"line":84,"column":17},"end":{"line":84,"column":31}},"45":{"start":{"line":85,"column":2},"end":{"line":85,"column":90}},"46":{"start":{"line":85,"column":47},"end":{"line":85,"column":90}},"47":{"start":{"line":86,"column":2},"end":{"line":88,"column":3}},"48":{"start":{"line":87,"column":4},"end":{"line":87,"column":79}},"49":{"start":{"line":87,"column":41},"end":{"line":87,"column":69}},"50":{"start":{"line":89,"column":2},"end":{"line":91,"column":3}},"51":{"start":{"line":90,"column":4},"end":{"line":90,"column":73}},"52":{"start":{"line":90,"column":41},"end":{"line":90,"column":63}},"53":{"start":{"line":92,"column":2},"end":{"line":95,"column":3}},"54":{"start":{"line":93,"column":16},"end":{"line":93,"column":71}},"55":{"start":{"line":93,"column":47},"end":{"line":93,"column":70}},"56":{"start":{"line":94,"column":4},"end":{"line":94,"column":57}},"57":{"start":{"line":96,"column":2},"end":{"line":99,"column":3}},"58":{"start":{"line":97,"column":16},"end":{"line":97,"column":80}},"59":{"start":{"line":97,"column":50},"end":{"line":97,"column":79}},"60":{"start":{"line":98,"column":4},"end":{"line":98,"column":35}},"61":{"start":{"line":100,"column":2},"end":{"line":100,"column":14}},"62":{"start":{"line":104,"column":20},"end":{"line":104,"column":32}},"63":{"start":{"line":105,"column":2},"end":{"line":105,"column":92}},"64":{"start":{"line":105,"column":42},"end":{"line":105,"column":92}},"65":{"start":{"line":105,"column":79},"end":{"line":105,"column":89}},"66":{"start":{"line":106,"column":2},"end":{"line":106,"column":98}},"67":{"start":{"line":106,"column":45},"end":{"line":106,"column":98}},"68":{"start":{"line":106,"column":85},"end":{"line":106,"column":95}},"69":{"start":{"line":107,"column":2},"end":{"line":107,"column":12}},"70":{"start":{"line":111,"column":20},"end":{"line":111,"column":32}},"71":{"start":{"line":112,"column":17},"end":{"line":112,"column":31}},"72":{"start":{"line":114,"column":2},"end":{"line":152,"column":3}},"73":{"start":{"line":115,"column":4},"end":{"line":129,"column":5}},"74":{"start":{"line":116,"column":143},"end":{"line":116,"column":149}},"75":{"start":{"line":117,"column":23},"end":{"line":117,"column":71}},"76":{"start":{"line":117,"column":53},"end":{"line":117,"column":70}},"77":{"start":{"line":118,"column":6},"end":{"line":125,"column":7}},"78":{"start":{"line":119,"column":8},"end":{"line":123,"column":11}},"79":{"start":{"line":124,"column":8},"end":{"line":124,"column":60}},"80":{"start":{"line":126,"column":17},"end":{"line":126,"column":45}},"81":{"start":{"line":127,"column":6},"end":{"line":127,"column":163}},"82":{"start":{"line":128,"column":6},"end":{"line":128,"column":49}},"83":{"start":{"line":131,"column":4},"end":{"line":140,"column":5}},"84":{"start":{"line":132,"column":36},"end":{"line":132,"column":42}},"85":{"start":{"line":133,"column":17},"end":{"line":133,"column":45}},"86":{"start":{"line":134,"column":6},"end":{"line":138,"column":9}},"87":{"start":{"line":139,"column":6},"end":{"line":139,"column":49}},"88":{"start":{"line":142,"column":114},"end":{"line":142,"column":120}},"89":{"start":{"line":143,"column":4},"end":{"line":143,"column":119}},"90":{"start":{"line":143,"column":38},"end":{"line":143,"column":55}},"91":{"start":{"line":143,"column":58},"end":{"line":143,"column":119}},"92":{"start":{"line":144,"column":4},"end":{"line":144,"column":127}},"93":{"start":{"line":144,"column":46},"end":{"line":144,"column":63}},"94":{"start":{"line":144,"column":66},"end":{"line":144,"column":127}},"95":{"start":{"line":145,"column":15},"end":{"line":145,"column":43}},"96":{"start":{"line":146,"column":4},"end":{"line":150,"column":7}},"97":{"start":{"line":151,"column":4},"end":{"line":151,"column":47}},"98":{"start":{"line":154,"column":2},"end":{"line":166,"column":3}},"99":{"start":{"line":155,"column":4},"end":{"line":159,"column":5}},"100":{"start":{"line":156,"column":20},"end":{"line":156,"column":44}},"101":{"start":{"line":157,"column":6},"end":{"line":157,"column":38}},"102":{"start":{"line":158,"column":6},"end":{"line":158,"column":18}},"103":{"start":{"line":160,"column":122},"end":{"line":160,"column":128}},"104":{"start":{"line":161,"column":16},"end":{"line":161,"column":
[...]
umn":4},"end":{"line":177,"column":127}},"120":{"start":{"line":178,"column":4},"end":{"line":178,"column":47}},"121":{"start":{"line":181,"column":2},"end":{"line":190,"column":3}},"122":{"start":{"line":182,"column":4},"end":{"line":186,"column":5}},"123":{"start":{"line":183,"column":20},"end":{"line":183,"column":48}},"124":{"start":{"line":184,"column":6},"end":{"line":184,"column":42}},"125":{"start":{"line":185,"column":6},"end":{"line":185,"column":18}},"126":{"start":{"line":187,"column":19},"end":{"line":187,"column":44}},"127":{"start":{"line":188,"column":4},"end":{"line":188,"column":90}},"128":{"start":{"line":188,"column":60},"end":{"line":188,"column":88}},"129":{"start":{"line":189,"column":4},"end":{"line":189,"column":79}},"130":{"start":{"line":192,"column":2},"end":{"line":192,"column":67}},"131":{"start":{"line":195,"column":17},"end":{"line":209,"column":1}},"132":{"start":{"line":201,"column":21},"end":{"line":201,"column":38}},"133":{"start":{"line":202,"column":4},"end":{"line":207,"column":5}},"134":{"start":{"line":203,"column":6},"end":{"line":203,"column":38}},"135":{"start":{"line":205,"column":6},"end":{"line":205,"column":23}},"136":{"start":{"line":206,"column":6},"end":{"line":206,"column":18}},"137":{"start":{"line":211,"column":0},"end":{"line":225,"column":2}},"138":{"start":{"line":212,"column":41},"end":{"line":212,"column":49}},"139":{"start":{"line":214,"column":4},"end":{"line":214,"column":27}},"140":{"start":{"line":217,"column":4},"end":{"line":217,"column":29}},"141":{"start":{"line":220,"column":4},"end":{"line":220,"column":41}},"142":{"start":{"line":223,"column":4},"end":{"line":223,"column":37}}},"fnMap":{"0":{"name":"initialState","decl":{"start":{"line":1,"column":9},"end":{"line":1,"column":21}},"loc":{"start":{"line":1,"column":24},"end":{"line":13,"column":1}},"line":1},"1":{"name":"cloneState","decl":{"start":{"line":17,"column":9},"end":{"line":17,"column":19}},"loc":{"start":{"line":17,"column":28},"end":{"line":30,"column":1}},"line":17},"2":{"name":"(anonymous_2)","decl":{"start":{"line":26,"column":36},"end":{"line":26,"column":37}},"loc":{"start":{"line":26,"column":46},"end":{"line":26,"column":56}},"line":26},"3":{"name":"(anonymous_3)","decl":{"start":{"line":27,"column":42},"end":{"line":27,"column":43}},"loc":{"start":{"line":27,"column":52},"end":{"line":27,"column":62}},"line":27},"4":{"name":"compact","decl":{"start":{"line":32,"column":9},"end":{"line":32,"column":16}},"loc":{"start":{"line":32,"column":22},"end":{"line":34,"column":1}},"line":32},"5":{"name":"bindings","decl":{"start":{"line":36,"column":9},"end":{"line":36,"column":17}},"loc":{"start":{"line":36,"column":24},"end":{"line":39,"column":1}},"line":36},"6":{"name":"generatedUuid","decl":{"start":{"line":41,"column":9},"end":{"line":41,"column":22}},"loc":{"start":{"line":41,"column":38},"end":{"line":43,"column":1}},"line":41},"7":{"name":"execAsync","decl":{"start":{"line":45,"column":15},"end":{"line":45,"column":24}},"loc":{"start":{"line":45,"column":30},"end":{"line":80,"column":1}},"line":45},"8":{"name":"(anonymous_8)","decl":{"start":{"line":55,"column":17},"end":{"line":55,"column":18}},"loc":{"start":{"line":55,"column":29},"end":{"line":55,"column":65}},"line":55},"9":{"name":"(anonymous_9)","decl":{"start":{"line":59,"column":17},"end":{"line":59,"column":18}},"loc":{"start":{"line":59,"column":29},"end":{"line":59,"column":68}},"line":59},"10":{"name":"(anonymous_10)","decl":{"start":{"line":67,"column":30},"end":{"line":67,"column":31}},"loc":{"start":{"line":67,"column":46},"end":{"line":69,"column":7}},"line":67},"11":{"name":"(anonymous_11)","decl":{"start":{"line":71,"column":33},"end":{"line":71,"column":34}},"loc":{"start":{"line":71,"column":49},"end":{"line":73,"column":7}},"line":71},"12":{"name":"(anonymous_12)","decl":{"start":{"line":75,"column":30},"end":{"line":75,"column":31}},"loc":{"start":{"line":75,"column":39},"end":{"line":77,"column":7}},"line":75},"13":{"name":"getFirstAsync","decl":{"start":{"line":82,"column":15},"end":{"line":82,"column":28}},"loc":{"start":{"line":82,"column":43},"end":{"line":101,"column":1}},"line":82},"14":{"name":"(anonymous_14)","decl":{"start":{"line":87,"column":32},"end":{"line":87,"column":33}},"loc":{"start":{"line":87,"column":41},"end":{"line":87,"column":69}},"line":87},"15":{"name":"(anonymous_15)","decl":{"start":{"line":90,"column":32},"end":{"line":90,"column":33}},"loc":{"start":{"line":90,"column":41},"end":{"line":90,"column":63}},"line":90},"16":{"name":"(anonymous_16)","decl":{"start":{"line":93,"column":37},"end":{"line":93,"column":38}},"loc":{"start":{"line":93,"column":47},"end":{"line":93,"column":70}},"line":93},"17":{"name":"(anonymous_17)","decl":{"start":{"line":97,"column":40},"end":{"line":97,"column":41}},"loc":{"start":{"line":97,"column":50},"end":{"line":97,"column":79}},"line":97},"18":{"name":"getAllAsync","decl":{"start":{"line":103,"column":15},"end":{"line":103,"column":26}},"loc":{"start":{"line":103,"column":32},"end":{"line":108,"column":1}},"line":103},"19":{"name":"(anonymous_19)","decl":{"start":{"line":105,"column":69},"end":{"line":105,"column":70}},"loc":{"start":{"line":105,"column":79},"end":{"line":105,"column":89}},"line":105},"20":{"name":"(anonymous_20)","decl":{"start":{"line":106,"column":75},"end":{"line":106,"column":76}},"loc":{"start":{"line":106,"column":85},"end":{"line":106,"column":95}},"line":106},"21":{"name":"runAsync","decl":{"start":{"line":110,"column":15},"end":{"line":110,"column":23}},"loc":{"start":{"line":110,"column":38},"end":{"line":193,"column":1}},"line":110},"22":{"name":"(anonymous_22)","decl":{"start":{"line":117,"column":44},"end":{"line":117,"column":45}},"loc":{"start":{"line":117,"column":53},"end":{"line":117,"column":70}},"line":117},"23":{"name":"(anonymous_23)","decl":{"start":{"line":143,"column":29},"end":{"line":143,"column":30}},"loc":{"start":{"line":143,"column":38},"end":{"line":143,"column":55}},"line":143},"24":{"name":"(anonymous_24)","decl":{"start":{"line":144,"column":37},"end":{"line":144,"column":38}},"loc":{"start":{"line":144,"column":46},"end":{"line":144,"column":63}},"line":144},"25":{"name":"(anonymous_25)","decl":{"start":{"line":161,"column":37},"end":{"line":161,"column":38}},"loc":{"start":{"line":161,"column":47},"end":{"line":161,"column":69}},"line":161},"26":{"name":"(anonymous_26)","decl":{"start":{"line":170,"column":45},"end":{"line":170,"column":46}},"loc":{"start":{"line":170,"column":54},"end":{"line":170,"column":82}},"line":170},"27":{"name":"(anonymous_27)","decl":{"start":{"line":188,"column":51},"end":{"line":188,"column":52}},"loc":{"start":{"line":188,"column":60},"end":{"line":188,"column":88}},"line":188},"28":{"name":"(anonymous_28)","decl":{"start":{"line":200,"column":2},"end":{"line":200,"column":3}},"loc":{"start":{"line":200,"column":48},"end":{"line":208,"column":3}},"line":200},"29":{"name":"(anonymous_29)","decl":{"start":{"line":212,"column":29},"end":{"line":212,"column":30}},"loc":{"start":{"line":212,"column":41},"end":{"line":212,"column":49}},"line":212},"30":{"name":"(anonymous_30)","decl":{"start":{"line":213,"column":2},"end":{"line":213,"column":3}},"loc":{"start":{"line":213,"column":12},"end":{"line":215,"column":3}},"line":213},"31":{"name":"(anonymous_31)","decl":{"start":{"line":216,"column":2},"end":{"line":216,"column":3}},"loc":{"start":{"line":216,"column":15},"end":{"line":218,"column":3}},"line":216},"32":{"name":"(anonymous_32)","decl":{"start":{"line":219,"column":2},"end":{"line":219,"column":3}},"loc":{"start":{"line":219,"column":64},"end":{"line":221,"column":3}},"line":219},"33":{"name":"(anonymous_33)","decl":{"start":{"line":222,"column":2},"end":{"line":222,"column":3}},"loc":{"start":{"line":222,"column":60},"end":{"line":224,"column":3}},"line":222}},"branchMap":{"0":{"loc":{"start":{"line":37,"column":2},"end":{"line":37,"column":66}},"type":"if","locations":[{"start":{"line":37,"column":2},"end":{"line":37,"column":66}},{"start":{},"end":{}}],"line":37},"1":{"loc":{"start":{"line":37,"column":6},"end":{"line":37,"column":49}},"type":"binary-expr","locations":[{"start":{"line":37,"column":6},"end":{"line":37,"column":23}},{"start":{"line":37,"column":27},"end":{"line":37,"column":49}}],"line":37},"2":{"loc":{"start":{"line":48,"column":4},"end":{"line":48,"column":29}},"type":"if","locations":[{"start":{"line":48,"column":4},"end":{"line":48,"column":29}},{"start":{},"end":{}}],"line":48},"3":{"loc":{"start":{"line":50,"column":4},"end":{"line":78,"column":5}},"type":"if","locations":[{"start":{"line":50,"column":4},"end":{"line":78,"column":5}},{"start":{"line":52,"column":11},"end":{"line":78,"column":5}}],"line":50},"4":{"loc":{"start":{"line":52,"column":11},"end":{"line":78,"column":5}},"type":"if","locations":[{"start":{"line":52,"column":11},"end":{"line":78,"column":5}},{"start":{"line":56,"column":11},"end":{"line":78,"column":5}}],"line":52},"5":{"loc":{"start":{"line":56,"column":11},"end":{"line":78,"column":5}},"type":"if","locations":[{"start":{"line":56,"column":11},"end":{"line":78,"column":5}},{"start":{"line":60,"column":11},"end":{"line":78,"column":5}}],"line":56},"6":{"loc":{"start":{"line":60,"column":11},"end":{"line":78,"column":5}},"type":"if","locations":[{"start":{"line":60,"column":11},"end":{"line":78,"column":5}},{"start":{"line":64,"column":11},"end":{"line":78,"column":5}}],"line":60},"7":{"loc":{"start":{"line":62,"column":6},"end":{"line":62,"column":96}},"type":"if","locations":[{"start":{"line":62,"column":6},"end":{"line":62,"column":96}},{"start":{},"end":{}}],"line":62},"8":{"loc":{"start":{"line":64,"column":11},"end":{"line":78,"column":5}},"type":"if","locations":[{"start":{"line":64,"column":11},"end":{"line":78,"column":5}},{"start":{"line":66,"column":11},"end":{"line":78,"column":5}}],"line":64},"9":{"loc":{"start":{"line":66,"column":11},"end":{"line":78,"column":5}},"type":"if","locations":[{"start":{"line":66,"column":11},"end":{"line":78,"column":5}},{"start":{"line":70,"column":11},"end":{"line":78,"column":5}}],"line":66},"10":{"loc":{"start":{"line":68,"column":8},"end":{"line":68,"column":67}},"type":"if","locations":[{"start":{"line":68,"column":8},"end":{"line":68,"column":67}},{"start":{},"end":{}}],"line":68},"11":{"loc":{"start":{"line":70,"column":11},"end":{"line":78,"column":5}},"type":"if","locations":[{"start":{"line":70,"column":11},"end":{"line":78,"column":5}},{"start":{"line":74,"column":11},"end":{"line":78,"column":5}}],"line":70},"12":{"loc":{"start":{"line":72,"column":8},"end":{"line":72,"column":67}},"type":"if","locations":[{"start":{"line":72,"column":8},"end":{"line":72,"column":67}},{"start":{},"end":{}}],"line":72},"13":{"loc":{"start":{"line":74,"column":11},"end":{"line":78,"column":5}},"type":"if","locations":[{"start":{"line":74,"column":11},"end":{"line":78,"column":5}},{"start":{},"end":{}}],"line":74},"14":{"loc":{"start":{"line":76,"column":8},"end":{"line":76,"column":87}},"type":"if","locations":[{"start":{"line":76,"column":8},"end":{"line":76,"column":87}},{"start":{},"end":{}}],"line":76},"15":{"loc":{"start":{"line":76,"column":12},"end":{"line":76,"column":60}},"type":"binary-expr","locations":[{"start":{"line":76,"column":12},"end":{"line":76,"column":34}},{"start":{"line":76,"column":38},"end":{"line":76,"column":60}}],"line":76},"16":{"loc":{"start":{"line":85,"column":2},"end":{"line":85,"column":90}},"type":"if","locations":[{"start":{"line":85,"column":2},"end":{"line":85,"column":90}},{"start":{},"end":{}}],"line":85},"17":{"loc":{"start":{"line":86,"column":2},"end":{"line":88,"column":3}},"type":"if","locations":[{"start":{"line":86,"column":2},"end":{"line":88,"column":3}},{"start":{},"end":{}}],"line":86},"18":{"loc":{"start":{"line":87,"column":11},"end":{"line":87,"column":78}},"type":"binary-expr","locations":[{"start":{"line":87,"column":11},"end":{"line":87,"column":70}},{"start":{"line":87,"column":74},"end":{"line":87,"column":78}}],"line":87},"19":{"loc":{"start":{"line":89,"column":2},"end":{"line":91,"column":3}},"type":"if","locations":[{"start":{"line":89,"column":2},"end":{"line":91,"column":3}},{"start":{},"end":{}}],"line":89},"20":{"loc":{"start":{"line":90,"column":11},"end":{"line":90,"column":72}},"type":"binary-expr","locations":[{"start":{"line":90,"column":11},"end":{"line":90,"column":64}},{"start":{"line":90,"column":68},"end":{"line":90,"column":72}}],"line":90},"21":{"loc":{"start":{"line":92,"column":2},"end":{"line":95,"column":3}},"type":"if","locations":[{"start":{"line":92,"column":2},"end":{"line":95,"column":3}},{"start":{},"end":{}}],"line":92},"22":{"loc":{"start":{"line":94,"column":11},"end":{"line":94,"column":56}},"type":"cond-expr","locations":[{"start":{"line":94,"column":17},"end":{"line":94,"column":49}},{"start":{"line":94,"column":52},"end":{"line":94,"column":56}}],"line":94},"23":{"loc":{"start":{"line":96,"column":2},"end":{"line":99,"column":3}},"type":"if","locations":[{"start":{"line":96,"column":2},"end":{"line":99,"column":3}},{"start":{},"end":{}}],"line":96},"24":{"loc":{"start":{"line":98,"column":11},"end":{"line":98,"column":34}},"type":"cond-expr","locations":[{"start":{"line":98,"column":17},"end":{"line":98,"column":27}},{"start":{"line":98,"column":30},"end":{"line":98,"column":34}}],"line":98},"25":{"loc":{"start":{"line":105,"column":2},"end":{"line":105,"column":92}},"type":"if","locations":[{"start":{"line":105,"column":2},"end":{"line":105,"column":92}},{"start":{},"end":{}}],"line":105},"26":{"loc":{"start":{"line":106,"column":2},"end":{"line":106,"column":98}},"type":"if","locations":[{"start":{"line":106,"column":2},"end":{"line":106,"column":98}},{"start":{},"end":{}}],"line":106},"27":{"loc":{"start":{"line":114,"column":2},"end":{"line":152,"column":3}},"type":"if","locations":[{"start":{"line":114,"column":2},"end":{"line":152,"column":3}},{"start":{},"end":{}}],"line":114},"28":{"loc":{"start":{"line":115,"column":4},"end":{"line":129,"column":5}},"type":"if","locations":[{"start":{"line":115,"column":4},"end":{"line":129,"column":5}},{"start":{},"end":{}}],"line":115},"29":{"loc":{"start":{"line":118,"column":6},"end":{"line":125,"column":7}},"type":"if","locations":[{"start":{"line":118,"column":6},"end":{"line":125,"column":7}},{"start":{},"end":{}}],"line":118},"30":{"loc":{"start":{"line":121,"column":23},"end":{"line":121,"column":58}},"type":"binary-expr","locations":[{"start":{"line":121,"column":23},"end":{"line":121,"column":34}},{"start":{"line":121,"column":38},"end":{"line":121,"column":58}}],"line":121},"31":{"loc":{"start":{"line":131,"column":4},"end":{"line":140,"column":5}},"type":"if","locations":[{"start":{"line":131,"column":4},"end":{"line":140,"column":5}},{"start":{},"end":{}}],"line":131},"32":{"loc":{"start":{"line":143,"column":4},"end":{"line":143,"column":119}},"type":"if","locations":[{"start":{"line":143,"column":4},"end":{"line":143,"column":119}},{"start":{},"end":{}}],"line":143},"33":{"loc":{"start":{"line":144,"column":4},"end":{"line":144,"column":127}},"type":"if","locations":[{"start":{"line":144,"column":4},"end":{"line":144,"column":127}},{"start":{},"end":{}}],"line":144},"34":{"loc":{"start":{"line":144,"column":8},"end":{"line":144,"column":64}},"type":"binary-expr","locations":[{"start":{"line":144,"column":8},"end":{"line":144,"column":12}},{"start":{"line":144,"column":16},"end":{"line":144,"column":64}}],"line":144},"35":{"loc":{"start":{"line":149,"column":17},"end":{"line":149,"column":61}},"type":"cond-expr","locations":[{"start":{"line":149,"column":42},"end":{"line":149,"column":54}},{"start":{"line":149,"column":57},"end":{"line":149,"column":61}}],"line":149},"36":{"loc":{"start":{"line":154,"column":2},"end":{"line":166,"column":3}},"type":"if","locations":[{"start":{"line":154,"column":2},"end":{"line":166,"column":3}},{"start":{},"end":{}}],"line":154},"37":{"loc":{"start":{"line":155,"column":4},"end":{"line":159,"column":5}},"type":"if","locations":[{"start":{"line":155,"column":4},"end":{"line":159,"column":5}},{"start":{},"end":{}}],"line":155},"38":{"loc":{"start":{"line":162,"column":4},"end":{"line":162,"column":56}},"type":"if","locations":[{"start":{"line":162,"column":4},"end":{"line":162,"column":56}},{"start":{},"end":{}}],"line":162},"39":{"loc":{"start":{"line":164,"column":20},"end":{"line":164,"column":83}},"type":"cond-expr","locations":[{"start":{"line":164,"column":46},"end":{"line":164,"column":75}},{"start":{"line":164,"column":79},"end":{"line":164,"column":83}}],"line":164},"40":{"loc":{"start":{"line":164,"column":46},"end":{"line":164,"column":75}},"type":"binary-expr","locations":[{"start":{"line":164,"column":46},"end":{"line":164,"column":59}},{"start":{"line":164,"column":63},"end":{"line":164,"column":75}}],"line":164},"41":{"loc":{"start":{"line":168,"column":2},"end":{"line":172,"column":3}},"type":"if","locations":[{"start":{"line":168,"column":2},"end":{"line":172,"column":3}},{"start":{},"end":{}}],"line":168},"42":{"loc":{"start":{"line":174,"column":2},"end":{"line":179,"column":3}},"type":"if","locations":[{"start":{"line":174,"column":2},"end":{"line":179,"column":3}},{"start":{},"end":{}}],"line":174},"43":{"loc":{"start":{"line":181,"column":2},"end":{"line":190,"column":3}},"type":"if","locations":[{"start":{"line":181,"column":2},"end":{"line":190,"column":3}},{"start":{},"end":{}}],"line":181},"44":{"loc":{"start":{"line":182,"column":4},"end":{"line":186,"column":5}},"type":"if","locations":[{"start":{"line":182,"column":4},"end":{"line":186,"column":5}},{"start":{},"end":{}}],"line":182},"45":{"loc":{"start":{"line":219,"column":27},"end":{"line":219,"column":62}},"type":"default-arg","locations":[{"start":{"line":219,"column":35},"end":{"line":219,"column":62}}],"line":219},"46":{"loc":{"start":{"line":222,"column":23},"end":{"line":222,"column":58}},"type":"default-arg","locations":[{"start":{"line":222,"column":31},"end":{"line":222,"column":58}}],"line":222}},"s":{"0":12,"1":6,"2":6,"3":2,"4":2,"5":94,"6":14,"7":0,"8":14,"9":0,"10":28,"11":80,"12":80,"13":16,"14":64,"15":8,"16":56,"17":4,"18":4,"19":48,"20":52,"21":4,"22":4,"23":24,"24":48,"25":12,"26":12,"27":4,"28":8,"29":36,"30":16,"31":20,"32":4,"33":0,"34":0,"35":16,"36":4,"37":0,"38":0,"39":12,"40":4,"41":0,"42":0,"43":7,"44":7,"45":7,"46":4,"47":3,"48":2,"49":2,"50":1,"51":0,"52":0,"53":1,"54":0,"55":0,"56":0,"57":1,"58":1,"59":1,"60":1,"61":0,"62":0,"63":0,"64":0,"65":0,"66":0,"67":0,"68":0,"69":0,"70":7,"71":7,"72":7,"73":4,"74":2,"75":2,"76":1,"77":2,"78":1,"79":1,"80":1,"81":1,"82":1,"83":2,"84":1,"85":1,"86":1,"87":1,"88":1,"89":1,"90":0,"91":0,"92":1,"93":0,"94":0,"95":1,"96":1,"97":1,"98":3,"99":1,"100":1,"101":1,"102":1,"103":0,"104":0,"105":0,"106":0,"107":0,"108":0,"109":0,"110":0,"111":2,"112":0,"113":0,"114":0,"115":0,"116":2,"117":1,"118":1,"119":1,"120":1,"121":1,"122":1,"123":1,"124":1,"125":1,"126":0,"127":0,"128":0,"129":0,"130":0,"131":6,"132":3,"133":3,"134":3,"135":1,"136":1,"137":6,"138":4,"139":6,"140":3,"141":1,"142":1},"f":{"0":12,"1":6,"2":2,"3":2,"4":94,"5":14,"6":0,"7":28,"8":48,"9":24,"10":0,"11":0,"12":0,"13":7,"14":2,"15":0,"16":0,"17":1,"18":0,"19":0,"20":0,"21":7,"22":1,"23":0,"24":0,"25":0,"26":0,"27":0,"28":3,"29":4,"30":6,"31":3,"32":1,"33":1},"b":{"0":[0,14],"1":[14,4],"2":[16,64],"3":[8,56],"4":[4,52],"5":[4,48],"6":[12,36],"7":[4,8],"8":[16,20],"9":[4,16],"10":[0,0],"11":[4,12],"12":[0,0],"13":[4,8],"14":[0,0],"15":[0,0],"16":[4,3],"17":[2,1],"18":[2,0],"19":[0,1],"20":[0,0],"21":[0,1],"22":[0,0],"23":[1,0],"24":[1,0],"25":[0,0],"26":[0,0],"27":[4,3],"28":[2,2],"29":[1,1],"30":[1,1],"31":[1,1],"32":[0,1],"33":[0,1],"34":[1,0],"35":[0,1],"36":[1,2],"37":[1,0],"38":[0,0],"39":[0,0],"40":[0,0],"41":[0,2],"42":[1,1],"43":[1,0],"44":[1,0],"45":[0],"46":[0]},"_coverageSchema":"1a1c01bbd47fc00a2c39e90264f33305004495a9","hash":"6d9ad3927c8bd9f8ebc0bdb9592d0d56c724d8e4"}
}
