TN:
SF:src\database.js
FN:19,crearUUID
FN:24,normalizarUUID
FN:29,crearUUIDDeterministico
FN:31,(anonymous_3)
FN:42,getDatabase
FN:49,normalizarISBN
FN:54,enteroNoNegativo
FN:61,validarLibro
FN:100,inicializarBaseDeDatos
FN:175,descargarPortadaLocal
FN:189,insertarLibro
FN:219,obtenerLibros
FN:224,obtenerLibroPorId
FN:229,obtenerLibroPorISBN
FN:236,actualizarLibro
FN:287,actualizarProgreso
FN:296,eliminarLibro
FN:312,obtenerEstadisticas
FN:327,obtenerCronicas
FN:345,getDeseos
FN:357,addDeseo
FN:385,deleteDeseo
FN:391,marcarComoAdquirido
FN:397,(anonymous_23)
FN:422,serializarLibroParaBackup
FN:435,exportarBackupJSON
FN:465,restaurarPortadaDesdeBackup
FN:473,importarBackupJSON
FN:526,(anonymous_28)
FNF:29
FNH:17
FNDA:3,crearUUID
FNDA:6,normalizarUUID
FNDA:0,crearUUIDDeterministico
FNDA:0,(anonymous_3)
FNDA:12,getDatabase
FNDA:4,normalizarISBN
FNDA:8,enteroNoNegativo
FNDA:4,validarLibro
FNDA:4,inicializarBaseDeDatos
FNDA:2,descargarPortadaLocal
FNDA:1,insertarLibro
FNDA:0,obtenerLibros
FNDA:2,obtenerLibroPorId
FNDA:0,obtenerLibroPorISBN
FNDA:1,actualizarLibro
FNDA:0,actualizarProgreso
FNDA:0,eliminarLibro
FNDA:0,obtenerEstadisticas
FNDA:0,obtenerCronicas
FNDA:0,getDeseos
FNDA:1,addDeseo
FNDA:0,deleteDeseo
FNDA:1,marcarComoAdquirido
FNDA:1,(anonymous_23)
FNDA:0,serializarLibroParaBackup
FNDA:0,exportarBackupJSON
FNDA:2,restaurarPortadaDesdeBackup
FNDA:2,importarBackupJSON
FNDA:2,(anonymous_28)
DA:12,6
DA:13,6
DA:14,6
DA:15,6
DA:20,3
DA:21,0
DA:25,6
DA:26,6
DA:30,0
DA:31,0
DA:33,0
DA:34,0
DA:35,0
DA:36,0
DA:37,0
DA:39,0
DA:43,12
DA:44,4
DA:46,12
DA:50,4
DA:51,4
DA:55,8
DA:56,8
DA:57,8
DA:58,8
DA:62,4
DA:63,4
DA:65,4
DA:66,4
DA:67,4
DA:68,4
DA:69,0
DA:71,4
DA:72,4
DA:73,0
DA:76,4
DA:77,4
DA:78,0
DA:80,4
DA:83,4
DA:84,0
DA:86,4
DA:101,4
DA:102,4
DA:103,4
DA:104,4
DA:106,4
DA:107,4
DA:133,4
DA:134,4
DA:136,4
DA:138,4
DA:139,4
DA:142,4
DA:143,4
DA:147,8
DA:148,8
DA:150,0
DA:153,4
DA:167,4
DA:176,2
DA:177,2
DA:178,1
DA:179,1
DA:180,0
DA:181,0
DA:182,0
DA:184,0
DA:185,0
DA:190,1
DA:191,1
DA:192,1
DA:193,1
DA:194,1
DA:195,1
DA:196,1
DA:212,1
DA:214,0
DA:215,0
DA:220,0
DA:221,0
DA:225,2
DA:226,2
DA:230,0
DA:231,0
DA:232,0
DA:233,0
DA:237,1
DA:238,1
DA:240,1
DA:241,1
DA:242,1
DA:243,1
DA:245,1
DA:247,1
DA:249,1
DA:250,1
DA:275,1
DA:276,1
DA:278,1
DA:280,0
DA:281,0
DA:282,0
DA:284,0
DA:288,0
DA:289,0
DA:290,0
DA:297,0
DA:298,0
DA:299,0
DA:301,0
DA:302,0
DA:303,0
DA:304,0
DA:306,0
DA:309,0
DA:313,0
DA:314,0
DA:328,0
DA:329,0
DA:336,0
DA:342,0
DA:346,0
DA:347,0
DA:358,1
DA:359,1
DA:360,1
DA:361,1
DA:362,1
DA:364,1
DA:365,1
DA:366,0
DA:367,0
DA:368,0
DA:372,1
DA:373,1
DA:382,1
DA:386,0
DA:387,0
DA:388,0
DA:392,1
DA:393,1
DA:395,1
DA:396,1
DA:397,1
DA:398,1
DA:402,1
DA:404,1
DA:405,1
DA:406,1
DA:408,1
DA:416,1
DA:417,0
DA:419,0
DA:423,0
DA:424,0
DA:425,0
DA:426,0
DA:427,0
DA:429,0
DA:432,0
DA:436,0
DA:437,0
DA:438,0
DA:439,0
DA:441,0
DA:448,0
DA:449,0
DA:450,0
DA:451,0
DA:452,0
DA:454,0
DA:455,0
DA:457,0
DA:462,0
DA:466,2
DA:467,0
DA:474,2
DA:479,2
DA:481,2
DA:482,2
DA:484,2
DA:485,2
DA:487,0
DA:489,2
DA:490,0
DA:492,2
DA:493,0
DA:496,2
DA:497,2
DA:498,2
DA:502,2
DA:503,2
DA:511,2
DA:512,2
DA:513,2
DA:514,2
DA:515,2
DA:516,2
DA:517,0
DA:518,0
DA:519,0
DA:520,0
DA:521,0
DA:522,0
DA:526,2
DA:527,2
DA:528,2
DA:559,0
DA:560,0
DA:562,2
DA:563,2
LF:212
LH:120
BRDA:20,0,0,3
BRDA:20,0,1,0
BRDA:25,1,0,6
BRDA:25,1,1,1
BRDA:26,2,0,5
BRDA:26,2,1,1
BRDA:31,3,0,0
BRDA:31,3,1,0
BRDA:43,4,0,4
BRDA:43,4,1,8
BRDA:50,5,0,4
BRDA:50,5,1,4
BRDA:51,6,0,4
BRDA:51,6,1,4
BRDA:55,7,0,0
BRDA:55,7,1,8
BRDA:55,8,0,8
BRDA:55,8,1,8
BRDA:55,8,2,8
BRDA:57,9,0,0
BRDA:57,9,1,8
BRDA:57,10,0,8
BRDA:57,10,1,8
BRDA:63,11,0,0
BRDA:63,11,1,4
BRDA:66,12,0,4
BRDA:66,12,1,0
BRDA:68,13,0,0
BRDA:68,13,1,4
BRDA:68,14,0,4
BRDA:68,14,1,4
BRDA:68,14,2,4
BRDA:71,15,0,0
BRDA:71,15,1,4
BRDA:72,16,0,0
BRDA:72,16,1,4
BRDA:72,17,0,4
BRDA:72,17,1,4
BRDA:76,18,0,4
BRDA:76,18,1,0
BRDA:77,19,0,0
BRDA:77,19,1,4
BRDA:80,20,0,4
BRDA:80,20,1,0
BRDA:80,21,0,4
BRDA:80,21,1,1
BRDA:80,21,2,0
BRDA:83,22,0,0
BRDA:83,22,1,4
BRDA:83,23,0,4
BRDA:83,23,1,0
BRDA:83,23,2,0
BRDA:83,23,3,0
BRDA:87,24,0,4
BRDA:87,24,1,1
BRDA:90,25,0,4
BRDA:90,25,1,0
BRDA:91,26,0,4
BRDA:91,26,1,3
BRDA:96,27,0,4
BRDA:96,27,1,4
BRDA:104,28,0,4
BRDA:104,28,1,4
BRDA:106,29,0,4
BRDA:106,29,1,0
BRDA:136,30,0,0
BRDA:136,30,1,4
BRDA:142,31,0,4
BRDA:142,31,1,0
BRDA:150,32,0,0
BRDA:150,32,1,0
BRDA:175,33,0,0
BRDA:177,34,0,1
BRDA:177,34,1,1
BRDA:178,35,0,0
BRDA:178,35,1,1
BRDA:179,36,0,1
BRDA:179,36,1,0
BRDA:214,37,0,0
BRDA:214,37,1,0
BRDA:214,38,0,0
BRDA:214,38,1,0
BRDA:231,39,0,0
BRDA:231,39,1,0
BRDA:238,40,0,0
BRDA:238,40,1,1
BRDA:243,41,0,1
BRDA:243,41,1,0
BRDA:243,41,2,0
BRDA:245,42,0,1
BRDA:245,42,1,0
BRDA:275,43,0,1
BRDA:275,43,1,0
BRDA:275,44,0,1
BRDA:275,44,1,1
BRDA:275,44,2,1
BRDA:280,45,0,0
BRDA:280,45,1,0
BRDA:281,46,0,0
BRDA:281,46,1,0
BRDA:281,47,0,0
BRDA:281,47,1,0
BRDA:287,48,0,0
BRDA:289,49,0,0
BRDA:289,49,1,0
BRDA:292,50,0,0
BRDA:292,50,1,0
BRDA:301,51,0,0
BRDA:301,51,1,0
BRDA:301,52,0,0
BRDA:301,52,1,0
BRDA:304,53,0,0
BRDA:304,53,1,0
BRDA:357,54,0,0
BRDA:357,55,0,0
BRDA:357,56,0,1
BRDA:358,57,0,1
BRDA:358,57,1,0
BRDA:359,58,0,1
BRDA:359,58,1,0
BRDA:359,59,0,1
BRDA:359,59,1,0
BRDA:361,60,0,0
BRDA:361,60,1,1
BRDA:362,61,0,0
BRDA:362,61,1,1
BRDA:365,62,0,0
BRDA:365,62,1,1
BRDA:365,63,0,1
BRDA:365,63,1,0
BRDA:365,63,2,0
BRDA:367,64,0,0
BRDA:367,64,1,0
BRDA:367,65,0,0
BRDA:367,65,1,0
BRDA:391,66,0,1
BRDA:391,67,0,1
BRDA:393,68,0,0
BRDA:393,68,1,1
BRDA:393,69,0,1
BRDA:393,69,1,1
BRDA:402,70,0,0
BRDA:402,70,1,1
BRDA:404,71,0,1
BRDA:404,71,1,0
BRDA:404,71,2,0
BRDA:405,72,0,1
BRDA:405,72,1,0
BRDA:405,73,0,1
BRDA:405,73,1,0
BRDA:405,73,2,0
BRDA:406,74,0,0
BRDA:406,74,1,1
BRDA:424,75,0,0
BRDA:424,75,1,0
BRDA:427,76,0,0
BRDA:427,76,1,0
BRDA:450,77,0,0
BRDA:450,77,1,0
BRDA:454,78,0,0
BRDA:454,78,1,0
BRDA:466,79,0,2
BRDA:466,79,1,0
BRDA:479,80,0,0
BRDA:479,80,1,2
BRDA:489,81,0,0
BRDA:489,81,1,2
BRDA:489,82,0,2
BRDA:489,82,1,2
BRDA:492,83,0,0
BRDA:492,83,1,2
BRDA:500,84,0,2
BRDA:500,84,1,0
BRDA:506,85,0,2
BRDA:506,85,1,0
BRDA:507,86,0,2
BRDA:507,86,1,2
BRDA:516,87,0,0
BRDA:516,87,1,2
BRDA:520,88,0,0
BRDA:520,88,1,0
BRDA:521,89,0,0
BRDA:521,89,1,0
BRDA:521,90,0,0
BRDA:521,90,1,0
BRF:185
BRH:87
end_of_record
TN:
SF:src\portadas.js
FN:10,(anonymous_0)
FN:18,asegurarDirectorioPortadas
FN:24,asegurarDirectorioTemporal
FN:30,obtenerAncho
FN:31,(anonymous_4)
FN:32,(anonymous_5)
FN:32,(anonymous_6)
FN:36,borrarSiExiste
FN:48,esPortadaTemporal
FN:52,optimizarYGuardarPortada
FN:107,confirmarPortadaTemporal
FN:127,descartarPortadaTemporal
FN:131,eliminarPortadaLocal
FN:135,pegarPortadaDesdePortapapeles
FNF:14
FNH:11
FNDA:2,(anonymous_0)
FNDA:1,asegurarDirectorioPortadas
FNDA:3,asegurarDirectorioTemporal
FNDA:3,obtenerAncho
FNDA:3,(anonymous_4)
FNDA:3,(anonymous_5)
FNDA:0,(anonymous_6)
FNDA:7,borrarSiExiste
FNDA:5,esPortadaTemporal
FNDA:3,optimizarYGuardarPortada
FNDA:1,confirmarPortadaTemporal
FNDA:0,descartarPortadaTemporal
FNDA:1,eliminarPortadaLocal
FNDA:0,pegarPortadaDesdePortapapeles
DA:6,6
DA:7,6
DA:11,2
DA:12,2
DA:13,2
DA:14,2
DA:19,1
DA:20,1
DA:25,3
DA:26,3
DA:31,3
DA:32,3
DA:37,7
DA:38,7
DA:49,5
DA:53,3
DA:55,3
DA:56,3
DA:57,3
DA:58,3
DA:59,0
DA:60,3
DA:62,3
DA:63,0
DA:67,0
DA:72,0
DA:75,3
DA:76,3
DA:79,3
DA:84,3
DA:88,3
DA:89,1
DA:91,2
DA:92,2
DA:99,2
DA:100,2
DA:102,3
DA:103,3
DA:108,1
DA:109,1
DA:110,1
DA:111,1
DA:112,1
DA:116,1
DA:117,1
DA:118,1
DA:119,1
DA:121,0
DA:122,0
DA:123,0
DA:128,0
DA:132,1
DA:136,0
DA:137,0
DA:138,0
DA:139,0
DA:140,0
DA:142,0
DA:143,0
LF:59
LH:44
BRDA:10,0,0,0
BRDA:19,1,0,1
BRDA:19,1,1,0
BRDA:25,2,0,3
BRDA:25,2,1,0
BRDA:38,3,0,4
BRDA:38,3,1,3
BRDA:49,4,0,5
BRDA:49,4,1,3
BRDA:52,5,0,0
BRDA:52,6,0,0
BRDA:53,7,0,0
BRDA:53,7,1,3
BRDA:58,8,0,3
BRDA:58,8,1,0
BRDA:62,9,0,0
BRDA:62,9,1,3
BRDA:76,10,0,3
BRDA:76,10,1,0
BRDA:76,11,0,3
BRDA:76,11,1,3
BRDA:85,12,0,3
BRDA:85,12,1,0
BRDA:86,13,0,3
BRDA:86,13,1,0
BRDA:91,14,0,2
BRDA:91,14,1,0
BRDA:92,15,0,1
BRDA:92,15,1,1
BRDA:94,16,0,1
BRDA:94,16,1,0
BRDA:96,17,0,0
BRDA:96,17,1,0
BRDA:103,18,0,3
BRDA:103,18,1,0
BRDA:108,19,0,0
BRDA:108,19,1,1
BRDA:111,20,0,0
BRDA:111,20,1,1
BRDA:128,21,0,0
BRDA:128,21,1,0
BRDA:132,22,0,1
BRDA:132,22,1,0
BRDA:135,23,0,0
BRDA:135,24,0,0
BRDA:137,25,0,0
BRDA:137,25,1,0
BRDA:139,26,0,0
BRDA:139,26,1,0
BRF:49
BRH:22
end_of_record
TN:
SF:test\mocks\expo-file-system.js
FN:9,asUri
FN:15,join
FN:20,maybeFail
FN:28,(anonymous_3)
FN:32,(anonymous_4)
FN:34,(anonymous_5)
FN:37,(anonymous_6)
FN:44,(anonymous_7)
FN:48,(anonymous_8)
FN:52,(anonymous_9)
FN:57,(anonymous_10)
FN:62,(anonymous_11)
FN:68,(anonymous_12)
FN:74,(anonymous_13)
FN:82,(anonymous_14)
FN:87,(anonymous_15)
FN:99,(anonymous_16)
FN:103,(anonymous_17)
FN:106,(anonymous_18)
FN:109,(anonymous_19)
FNF:20
FNH:18
FNDA:33,asUri
FNDA:33,join
FNDA:30,maybeFail
FNDA:12,(anonymous_3)
FNDA:4,(anonymous_4)
FNDA:6,(anonymous_5)
FNDA:4,(anonymous_6)
FNDA:21,(anonymous_7)
FNDA:7,(anonymous_8)
FNDA:7,(anonymous_9)
FNDA:8,(anonymous_10)
FNDA:2,(anonymous_11)
FNDA:0,(anonymous_12)
FNDA:4,(anonymous_13)
FNDA:5,(anonymous_14)
FNDA:0,(anonymous_15)
FNDA:6,(anonymous_16)
FNDA:2,(anonymous_17)
FNDA:2,(anonymous_18)
FNDA:1,(anonymous_19)
DA:1,6
DA:2,6
DA:4,6
DA:10,33
DA:11,29
DA:12,27
DA:16,33
DA:17,33
DA:21,30
DA:22,30
DA:23,2
DA:24,2
DA:29,12
DA:33,4
DA:34,6
DA:38,4
DA:39,4
DA:45,21
DA:49,7
DA:53,7
DA:54,7
DA:58,8
DA:59,8
DA:63,2
DA:64,2
DA:65,2
DA:69,0
DA:70,0
DA:71,0
DA:75,4
DA:76,2
DA:77,2
DA:78,2
DA:79,2
DA:83,5
DA:84,5
DA:88,0
DA:89,0
DA:90,0
DA:91,0
DA:95,6
DA:100,6
DA:101,6
DA:104,2
DA:107,2
DA:110,1
LF:46
LH:39
BRDA:10,0,0,4
BRDA:10,0,1,29
BRDA:10,1,0,33
BRDA:10,1,1,33
BRDA:11,2,0,2
BRDA:11,2,1,27
BRDA:11,3,0,29
BRDA:11,3,1,29
BRDA:11,3,2,2
BRDA:12,4,0,27
BRDA:12,4,1,0
BRDA:17,5,0,10
BRDA:17,5,1,23
BRDA:22,6,0,28
BRDA:22,6,1,2
BRDA:34,7,0,4
BRDA:34,7,1,4
BRDA:65,8,0,2
BRDA:65,8,1,0
BRDA:65,9,0,0
BRDA:65,9,1,0
BRDA:70,10,0,0
BRDA:70,10,1,0
BRDA:71,11,0,0
BRDA:71,11,1,0
BRDA:76,12,0,2
BRDA:76,12,1,0
BRDA:77,13,0,0
BRDA:77,13,1,2
BRDA:89,14,0,0
BRDA:89,14,1,0
BRF:31
BRH:19
end_of_record
TN:
SF:test\mocks\expo-sqlite.js
FN:1,initialState
FN:17,cloneState
FN:26,(anonymous_2)
FN:27,(anonymous_3)
FN:32,compact
FN:36,bindings
FN:41,generatedUuid
FN:45,execAsync
FN:55,(anonymous_8)
FN:59,(anonymous_9)
FN:67,(anonymous_10)
FN:71,(anonymous_11)
FN:75,(anonymous_12)
FN:82,getFirstAsync
FN:87,(anonymous_14)
FN:90,(anonymous_15)
FN:93,(anonymous_16)
FN:97,(anonymous_17)
FN:103,getAllAsync
FN:105,(anonymous_19)
FN:106,(anonymous_20)
FN:110,runAsync
FN:117,(anonymous_22)
FN:143,(anonymous_23)
FN:144,(anonymous_24)
FN:161,(anonymous_25)
FN:170,(anonymous_26)
FN:188,(anonymous_27)
FN:200,(anonymous_28)
FN:212,(anonymous_29)
FN:213,(anonymous_30)
FN:216,(anonymous_31)
FN:219,(anonymous_32)
FN:222,(anonymous_33)
FNF:34
FNH:20
FNDA:12,initialState
FNDA:6,cloneState
FNDA:2,(anonymous_2)
FNDA:2,(anonymous_3)
FNDA:94,compact
FNDA:14,bindings
FNDA:0,generatedUuid
FNDA:28,execAsync
FNDA:48,(anonymous_8)
FNDA:24,(anonymous_9)
FNDA:0,(anonymous_10)
FNDA:0,(anonymous_11)
FNDA:0,(anonymous_12)
FNDA:7,getFirstAsync
FNDA:2,(anonymous_14)
FNDA:0,(anonymous_15)
FNDA:0,(anonymous_16)
FNDA:1,(anonymous_17)
FNDA:0,getAllAsync
FNDA:0,(anonymous_19)
FNDA:0,(anonymous_20)
FNDA:7,runAsync
FNDA:1,(anonymous_22)
FNDA:0,(anonymous_23)
FNDA:0,(anonymous_24)
FNDA:0,(anonymous_25)
FNDA:0,(anonymous_26)
FNDA:0,(anonymous_27)
FNDA:3,(anonymous_28)
FNDA:4,(anonymous_29)
FNDA:6,(anonymous_30)
FNDA:3,(anonymous_31)
FNDA:1,(anonymous_32)
FNDA:1,(anonymous_33)
DA:2,12
DA:15,6
DA:18,6
DA:26,2
DA:27,2
DA:33,94
DA:37,14
DA:38,14
DA:42,0
DA:46,28
DA:47,80
DA:48,80
DA:50,64
DA:51,8
DA:52,56
DA:53,4
DA:54,4
DA:55,48
DA:56,52
DA:57,4
DA:58,4
DA:59,24
DA:60,48
DA:61,12
DA:62,12
DA:63,8
DA:64,36
DA:65,16
DA:66,20
DA:67,4
DA:68,0
DA:70,16
DA:71,4
DA:72,0
DA:74,12
DA:75,4
DA:76,0
DA:83,7
DA:84,7
DA:85,7
DA:86,3
DA:87,2
DA:89,1
DA:90,0
DA:92,1
DA:93,0
DA:94,0
DA:96,1
DA:97,1
DA:98,1
DA:100,0
DA:104,0
DA:105,0
DA:106,0
DA:107,0
DA:111,7
DA:112,7
DA:114,7
DA:115,4
DA:116,2
DA:117,2
DA:118,2
DA:119,1
DA:124,1
DA:126,1
DA:127,1
DA:128,1
DA:131,2
DA:132,1
DA:133,1
DA:134,1
DA:139,1
DA:142,1
DA:143,1
DA:144,1
DA:145,1
DA:146,1
DA:151,1
DA:154,3
DA:155,1
DA:156,1
DA:157,1
DA:158,1
DA:160,0
DA:161,0
DA:162,0
DA:163,0
DA:164,0
DA:165,0
DA:168,2
DA:169,0
DA:170,0
DA:171,0
DA:174,2
DA:175,1
DA:176,1
DA:177,1
DA:178,1
DA:181,1
DA:182,1
DA:183,1
DA:184,1
DA:185,1
DA:187,0
DA:188,0
DA:189,0
DA:192,0
DA:195,6
DA:201,3
DA:202,3
DA:203,3
DA:205,1
DA:206,1
DA:211,6
DA:212,4
DA:214,6
DA:217,3
DA:220,1
DA:223,1
LF:119
LH:94
BRDA:37,0,0,0
BRDA:37,0,1,14
BRDA:37,1,0,14
BRDA:37,1,1,4
BRDA:48,2,0,16
BRDA:48,2,1,64
BRDA:50,3,0,8
BRDA:50,3,1,56
BRDA:52,4,0,4
BRDA:52,4,1,52
BRDA:56,5,0,4
BRDA:56,5,1,48
BRDA:60,6,0,12
BRDA:60,6,1,36
BRDA:62,7,0,4
BRDA:62,7,1,8
BRDA:64,8,0,16
BRDA:64,8,1,20
BRDA:66,9,0,4
BRDA:66,9,1,16
BRDA:68,10,0,0
BRDA:68,10,1,0
BRDA:70,11,0,4
BRDA:70,11,1,12
BRDA:72,12,0,0
BRDA:72,12,1,0
BRDA:74,13,0,4
BRDA:74,13,1,8
BRDA:76,14,0,0
BRDA:76,14,1,0
BRDA:76,15,0,0
BRDA:76,15,1,0
BRDA:85,16,0,4
BRDA:85,16,1,3
BRDA:86,17,0,2
BRDA:86,17,1,1
BRDA:87,18,0,2
BRDA:87,18,1,0
BRDA:89,19,0,0
BRDA:89,19,1,1
BRDA:90,20,0,0
BRDA:90,20,1,0
BRDA:92,21,0,0
BRDA:92,21,1,1
BRDA:94,22,0,0
BRDA:94,22,1,0
BRDA:96,23,0,1
BRDA:96,23,1,0
BRDA:98,24,0,1
BRDA:98,24,1,0
BRDA:105,25,0,0
BRDA:105,25,1,0
BRDA:106,26,0,0
BRDA:106,26,1,0
BRDA:114,27,0,4
BRDA:114,27,1,3
BRDA:115,28,0,2
BRDA:115,28,1,2
BRDA:118,29,0,1
BRDA:118,29,1,1
BRDA:121,30,0,1
BRDA:121,30,1,1
BRDA:131,31,0,1
BRDA:131,31,1,1
BRDA:143,32,0,0
BRDA:143,32,1,1
BRDA:144,33,0,0
BRDA:144,33,1,1
BRDA:144,34,0,1
BRDA:144,34,1,0
BRDA:149,35,0,0
BRDA:149,35,1,1
BRDA:154,36,0,1
BRDA:154,36,1,2
BRDA:155,37,0,1
BRDA:155,37,1,0
BRDA:162,38,0,0
BRDA:162,38,1,0
BRDA:164,39,0,0
BRDA:164,39,1,0
BRDA:164,40,0,0
BRDA:164,40,1,0
BRDA:168,41,0,0
BRDA:168,41,1,2
BRDA:174,42,0,1
BRDA:174,42,1,1
BRDA:181,43,0,1
BRDA:181,43,1,0
BRDA:182,44,0,1
BRDA:182,44,1,0
BRDA:219,45,0,0
BRDA:222,46,0,0
BRF:92
BRH:54
end_of_record
